#
# There is insufficient memory for the Java Runtime Environment to continue.
# Native memory allocation (malloc) failed to allocate 2100016 bytes for Chunk::new
# Possible reasons:
#   The system is out of physical RAM or swap space
#   The process is running with CompressedOops enabled, and the Java Heap may be blocking the growth of the native heap
# Possible solutions:
#   Reduce memory load on the system
#   Increase physical memory or swap space
#   Check if swap backing store is full
#   Decrease Java heap size (-Xmx/-Xms)
#   Decrease number of Java threads
#   Decrease Java thread stack sizes (-Xss)
#   Set larger code cache with -XX:ReservedCodeCacheSize=
#   JVM is running with Unscaled Compressed Oops mode in which the Java heap is
#     placed in the first 4GB address space. The Java Heap base address is the
#     maximum limit for the native heap growth. Please use -XX:HeapBaseMinAddress
#     to set the Java Heap base and to place the Java Heap above 4GB virtual address.
# This output file may be truncated or incomplete.
#
#  Out of Memory Error (c:/cygwin64/tmp/openjdk-jdk11u-windows-x64-hotspot/workspace/build/src/src/hotspot/share/memory/arena.cpp:197), pid=23012, tid=19916
#
# JRE version: OpenJDK Runtime Environment (11.0.6+10) (build 11.0.6+10)
# Java VM: OpenJDK 64-Bit Server VM (11.0.6+10, mixed mode, tiered, compressed oops, g1 gc, windows-amd64)
# No core dump will be written. Minidumps are not enabled by default on client versions of Windows
#

---------------  S U M M A R Y ------------

Command Line: -Dclassworlds.conf=C:\Program Files\TMCBeans\java\maven\bin\m2.conf -Dmaven.home=C:\Program Files\TMCBeans\java\maven -Dmaven.multiModuleProjectDirectory=C:\Users\Saku\Documents\NetBeansProjects\mooc-wepa-s20\osa02-Osa02_11.HelloIndividualPages org.codehaus.plexus.classworlds.launcher.Launcher -Dexec.args=-classpath %classpath helloindividualpages.HelloIndividualPagesApplication -Dexec.executable=C:\Program Files\AdoptOpenJDK\jdk-11.0.6.10-hotspot\bin\java.exe -Dfile.encoding=UTF-8 -T=1 -q spring-boot:run

Host: Intel(R) Core(TM) i5-6200U CPU @ 2.30GHz, 4 cores, 7G,  Windows 10 , 64 bit Build 18362 (10.0.18362.959)
Time: Mon Nov  9 20:29:31 2020 Suomen normaaliaika elapsed time: 13 seconds (0d 0h 0m 13s)

---------------  T H R E A D  ---------------

Current thread (0x0000012077d82000):  JavaThread "C2 CompilerThread0" daemon [_thread_in_native, id=19916, stack(0x0000001f6e000000,0x0000001f6e100000)]


Current CompileTask:
C2:  13437 4478   !   4       jdk.internal.loader.BuiltinClassLoader::loadClassOrNull (143 bytes)

Stack: [0x0000001f6e000000,0x0000001f6e100000]
Native frames: (J=compiled Java code, j=interpreted, Vv=VM code, C=native code)
V  [jvm.dll+0x5db25a]
V  [jvm.dll+0x7111de]
V  [jvm.dll+0x712877]
V  [jvm.dll+0x712f43]
V  [jvm.dll+0x23fe78]
V  [jvm.dll+0xb8f0c]
V  [jvm.dll+0xb949c]
V  [jvm.dll+0x342897]
V  [jvm.dll+0x310763]
V  [jvm.dll+0x30fb4a]
V  [jvm.dll+0x1f9d45]
V  [jvm.dll+0x1f8eff]
V  [jvm.dll+0x17d96c]
V  [jvm.dll+0x2080b7]
V  [jvm.dll+0x20639b]
V  [jvm.dll+0x6d70bc]
V  [jvm.dll+0x6d01ec]
V  [jvm.dll+0x5da1e6]
C  [ucrtbase.dll+0x20e82]
C  [KERNEL32.DLL+0x17bd4]
C  [ntdll.dll+0x6ce51]


---------------  P R O C E S S  ---------------

Threads class SMR info:
_java_thread_list=0x000001207a2b1d20, length=12, elements={
0x00000120596fd800, 0x0000012077d66000, 0x0000012077d71800, 0x0000012077d80000,
0x0000012077d81000, 0x0000012077d82000, 0x0000012077d85000, 0x0000012078741800,
0x0000012078822000, 0x000001207882b800, 0x000001207a083800, 0x0000012079ae2000
}

Java Threads: ( => current thread )
  0x00000120596fd800 JavaThread "main" [_thread_blocked, id=16068, stack(0x0000001f6d500000,0x0000001f6d600000)]
  0x0000012077d66000 JavaThread "Reference Handler" daemon [_thread_blocked, id=14788, stack(0x0000001f6dc00000,0x0000001f6dd00000)]
  0x0000012077d71800 JavaThread "Finalizer" daemon [_thread_blocked, id=1656, stack(0x0000001f6dd00000,0x0000001f6de00000)]
  0x0000012077d80000 JavaThread "Signal Dispatcher" daemon [_thread_blocked, id=12412, stack(0x0000001f6de00000,0x0000001f6df00000)]
  0x0000012077d81000 JavaThread "Attach Listener" daemon [_thread_blocked, id=8008, stack(0x0000001f6df00000,0x0000001f6e000000)]
=>0x0000012077d82000 JavaThread "C2 CompilerThread0" daemon [_thread_in_native, id=19916, stack(0x0000001f6e000000,0x0000001f6e100000)]
  0x0000012077d85000 JavaThread "C1 CompilerThread0" daemon [_thread_blocked, id=17648, stack(0x0000001f6e100000,0x0000001f6e200000)]
  0x0000012078741800 JavaThread "Sweeper thread" daemon [_thread_blocked, id=21820, stack(0x0000001f6e200000,0x0000001f6e300000)]
  0x0000012078822000 JavaThread "Service Thread" daemon [_thread_blocked, id=7516, stack(0x0000001f6e300000,0x0000001f6e400000)]
  0x000001207882b800 JavaThread "Common-Cleaner" daemon [_thread_blocked, id=8520, stack(0x0000001f6e500000,0x0000001f6e600000)]
  0x000001207a083800 JavaThread "BuilderThread 0" [_thread_in_native, id=24096, stack(0x0000001f6e900000,0x0000001f6ea00000)]
  0x0000012079ae2000 JavaThread "C2 CompilerThread1" daemon [_thread_blocked, id=22052, stack(0x0000001f6e800000,0x0000001f6e900000)]

Other Threads:
  0x0000012077d3f000 VMThread "VM Thread" [stack: 0x0000001f6db00000,0x0000001f6dc00000] [id=14072]
  0x0000012078825800 WatcherThread [stack: 0x0000001f6e400000,0x0000001f6e500000] [id=21220]
  0x0000012059717000 GCTaskThread "GC Thread#0" [stack: 0x0000001f6d600000,0x0000001f6d700000] [id=20996]
  0x0000012078d2b800 GCTaskThread "GC Thread#1" [stack: 0x0000001f6e600000,0x0000001f6e700000] [id=5632]
  0x0000012078d2e000 GCTaskThread "GC Thread#2" [stack: 0x0000001f6e700000,0x0000001f6e800000] [id=7728]
  0x0000012078d2c000 GCTaskThread "GC Thread#3" [stack: 0x0000001f6ea00000,0x0000001f6eb00000] [id=22660]
  0x0000012059747000 ConcurrentGCThread "G1 Main Marker" [stack: 0x0000001f6d700000,0x0000001f6d800000] [id=15044]
  0x000001205974a000 ConcurrentGCThread "G1 Conc#0" [stack: 0x0000001f6d800000,0x0000001f6d900000] [id=17936]
  0x0000012077bb0800 ConcurrentGCThread "G1 Refine#0" [stack: 0x0000001f6d900000,0x0000001f6da00000] [id=12636]
  0x0000012077bb1800 ConcurrentGCThread "G1 Young RemSet Sampling" [stack: 0x0000001f6da00000,0x0000001f6db00000] [id=14708]

Threads with active compile tasks:
C2 CompilerThread0  13473 4478   !   4       jdk.internal.loader.BuiltinClassLoader::loadClassOrNull (143 bytes)

VM state:not at safepoint (normal execution)

VM Mutex/Monitor currently owned by a thread: None

Heap address: 0x0000000081c00000, size: 2020 MB, Compressed Oops mode: 32-bit
Narrow klass base: 0x0000000000000000, Narrow klass shift: 3
Compressed class space size: 1073741824 Address: 0x0000000100000000

Heap:
 garbage-first heap   total 157696K, used 44368K [0x0000000081c00000, 0x0000000100000000)
  region size 1024K, 30 young (30720K), 6 survivors (6144K)
 Metaspace       used 30315K, capacity 30886K, committed 31024K, reserved 1077248K
  class space    used 3245K, capacity 3430K, committed 3456K, reserved 1048576K
Heap Regions: E=young(eden), S=young(survivor), O=old, HS=humongous(starts), HC=humongous(continues), CS=collection set, F=free, A=archive, TAMS=top-at-mark-start (previous, next)
|   0|0x0000000081c00000, 0x0000000081d00000, 0x0000000081d00000|100%| O|  |TAMS 0x0000000081d00000, 0x0000000081c00000| Untracked 
|   1|0x0000000081d00000, 0x0000000081e00000, 0x0000000081e00000|100%| O|  |TAMS 0x0000000081e00000, 0x0000000081d00000| Untracked 
|   2|0x0000000081e00000, 0x0000000081f00000, 0x0000000081f00000|100%| O|  |TAMS 0x0000000081f00000, 0x0000000081e00000| Untracked 
|   3|0x0000000081f00000, 0x0000000082000000, 0x0000000082000000|100%| O|  |TAMS 0x0000000082000000, 0x0000000081f00000| Untracked 
|   4|0x0000000082000000, 0x0000000082100000, 0x0000000082100000|100%| O|  |TAMS 0x0000000082100000, 0x0000000082000000| Untracked 
|   5|0x0000000082100000, 0x0000000082200000, 0x0000000082200000|100%| O|  |TAMS 0x0000000082200000, 0x0000000082100000| Untracked 
|   6|0x0000000082200000, 0x0000000082300000, 0x0000000082300000|100%| O|  |TAMS 0x0000000082300000, 0x0000000082200000| Untracked 
|   7|0x0000000082300000, 0x0000000082400000, 0x0000000082400000|100%| O|  |TAMS 0x0000000082400000, 0x0000000082300000| Untracked 
|   8|0x0000000082400000, 0x0000000082500000, 0x0000000082500000|100%| O|  |TAMS 0x0000000082500000, 0x0000000082400000| Untracked 
|   9|0x0000000082500000, 0x0000000082600000, 0x0000000082600000|100%| O|  |TAMS 0x0000000082600000, 0x0000000082500000| Untracked 
|  10|0x0000000082600000, 0x0000000082700000, 0x0000000082700000|100%| O|  |TAMS 0x0000000082700000, 0x0000000082600000| Untracked 
|  11|0x0000000082700000, 0x0000000082800000, 0x0000000082800000|100%| O|  |TAMS 0x0000000082800000, 0x0000000082700000| Untracked 
|  12|0x0000000082800000, 0x0000000082900000, 0x0000000082900000|100%| O|  |TAMS 0x0000000082900000, 0x0000000082800000| Untracked 
|  13|0x0000000082900000, 0x0000000082a00000, 0x0000000082a00000|100%| O|  |TAMS 0x0000000082a00000, 0x0000000082900000| Untracked 
|  14|0x0000000082a00000, 0x0000000082a58200, 0x0000000082b00000| 34%| O|  |TAMS 0x0000000082a58200, 0x0000000082a00000| Untracked 
|  15|0x0000000082b00000, 0x0000000082c00000, 0x0000000082c00000|100%|HS|  |TAMS 0x0000000082b00000, 0x0000000082b00000| Complete 
|  16|0x0000000082c00000, 0x0000000082c00000, 0x0000000082d00000|  0%| F|  |TAMS 0x0000000082c00000, 0x0000000082c00000| Untracked 
|  17|0x0000000082d00000, 0x0000000082d00000, 0x0000000082e00000|  0%| F|  |TAMS 0x0000000082d00000, 0x0000000082d00000| Untracked 
|  18|0x0000000082e00000, 0x0000000082e00000, 0x0000000082f00000|  0%| F|  |TAMS 0x0000000082e00000, 0x0000000082e00000| Untracked 
|  19|0x0000000082f00000, 0x0000000082f00000, 0x0000000083000000|  0%| F|  |TAMS 0x0000000082f00000, 0x0000000082f00000| Untracked 
|  20|0x0000000083000000, 0x0000000083000000, 0x0000000083100000|  0%| F|  |TAMS 0x0000000083000000, 0x0000000083000000| Untracked 
|  21|0x0000000083100000, 0x0000000083100000, 0x0000000083200000|  0%| F|  |TAMS 0x0000000083100000, 0x0000000083100000| Untracked 
|  22|0x0000000083200000, 0x0000000083200000, 0x0000000083300000|  0%| F|  |TAMS 0x0000000083200000, 0x0000000083200000| Untracked 
|  23|0x0000000083300000, 0x0000000083300000, 0x0000000083400000|  0%| F|  |TAMS 0x0000000083300000, 0x0000000083300000| Untracked 
|  24|0x0000000083400000, 0x0000000083400000, 0x0000000083500000|  0%| F|  |TAMS 0x0000000083400000, 0x0000000083400000| Untracked 
|  25|0x0000000083500000, 0x0000000083500000, 0x0000000083600000|  0%| F|  |TAMS 0x0000000083500000, 0x0000000083500000| Untracked 
|  26|0x0000000083600000, 0x0000000083600000, 0x0000000083700000|  0%| F|  |TAMS 0x0000000083600000, 0x0000000083600000| Untracked 
|  27|0x0000000083700000, 0x0000000083700000, 0x0000000083800000|  0%| F|  |TAMS 0x0000000083700000, 0x0000000083700000| Untracked 
|  28|0x0000000083800000, 0x0000000083800000, 0x0000000083900000|  0%| F|  |TAMS 0x0000000083800000, 0x0000000083800000| Untracked 
|  29|0x0000000083900000, 0x0000000083900000, 0x0000000083a00000|  0%| F|  |TAMS 0x0000000083900000, 0x0000000083900000| Untracked 
|  30|0x0000000083a00000, 0x0000000083a00000, 0x0000000083b00000|  0%| F|  |TAMS 0x0000000083a00000, 0x0000000083a00000| Untracked 
|  31|0x0000000083b00000, 0x0000000083b00000, 0x0000000083c00000|  0%| F|  |TAMS 0x0000000083b00000, 0x0000000083b00000| Untracked 
|  32|0x0000000083c00000, 0x0000000083c00000, 0x0000000083d00000|  0%| F|  |TAMS 0x0000000083c00000, 0x0000000083c00000| Untracked 
|  33|0x0000000083d00000, 0x0000000083d00000, 0x0000000083e00000|  0%| F|  |TAMS 0x0000000083d00000, 0x0000000083d00000| Untracked 
|  34|0x0000000083e00000, 0x0000000083e00000, 0x0000000083f00000|  0%| F|  |TAMS 0x0000000083e00000, 0x0000000083e00000| Untracked 
|  35|0x0000000083f00000, 0x0000000083f00000, 0x0000000084000000|  0%| F|  |TAMS 0x0000000083f00000, 0x0000000083f00000| Untracked 
|  36|0x0000000084000000, 0x0000000084000000, 0x0000000084100000|  0%| F|  |TAMS 0x0000000084000000, 0x0000000084000000| Untracked 
|  37|0x0000000084100000, 0x0000000084100000, 0x0000000084200000|  0%| F|  |TAMS 0x0000000084100000, 0x0000000084100000| Untracked 
|  38|0x0000000084200000, 0x0000000084200000, 0x0000000084300000|  0%| F|  |TAMS 0x0000000084200000, 0x0000000084200000| Untracked 
|  39|0x0000000084300000, 0x0000000084300000, 0x0000000084400000|  0%| F|  |TAMS 0x0000000084300000, 0x0000000084300000| Untracked 
|  40|0x0000000084400000, 0x0000000084400000, 0x0000000084500000|  0%| F|  |TAMS 0x0000000084400000, 0x0000000084400000| Untracked 
|  41|0x0000000084500000, 0x0000000084500000, 0x0000000084600000|  0%| F|  |TAMS 0x0000000084500000, 0x0000000084500000| Untracked 
|  42|0x0000000084600000, 0x0000000084600000, 0x0000000084700000|  0%| F|  |TAMS 0x0000000084600000, 0x0000000084600000| Untracked 
|  43|0x0000000084700000, 0x0000000084700000, 0x0000000084800000|  0%| F|  |TAMS 0x0000000084700000, 0x0000000084700000| Untracked 
|  44|0x0000000084800000, 0x0000000084800000, 0x0000000084900000|  0%| F|  |TAMS 0x0000000084800000, 0x0000000084800000| Untracked 
|  45|0x0000000084900000, 0x0000000084900000, 0x0000000084a00000|  0%| F|  |TAMS 0x0000000084900000, 0x0000000084900000| Untracked 
|  46|0x0000000084a00000, 0x0000000084a00000, 0x0000000084b00000|  0%| F|  |TAMS 0x0000000084a00000, 0x0000000084a00000| Untracked 
|  47|0x0000000084b00000, 0x0000000084b00000, 0x0000000084c00000|  0%| F|  |TAMS 0x0000000084b00000, 0x0000000084b00000| Untracked 
|  48|0x0000000084c00000, 0x0000000084c00000, 0x0000000084d00000|  0%| F|  |TAMS 0x0000000084c00000, 0x0000000084c00000| Untracked 
|  49|0x0000000084d00000, 0x0000000084d00000, 0x0000000084e00000|  0%| F|  |TAMS 0x0000000084d00000, 0x0000000084d00000| Untracked 
|  50|0x0000000084e00000, 0x0000000084e00000, 0x0000000084f00000|  0%| F|  |TAMS 0x0000000084e00000, 0x0000000084e00000| Untracked 
|  51|0x0000000084f00000, 0x0000000084f00000, 0x0000000085000000|  0%| F|  |TAMS 0x0000000084f00000, 0x0000000084f00000| Untracked 
|  52|0x0000000085000000, 0x0000000085000000, 0x0000000085100000|  0%| F|  |TAMS 0x0000000085000000, 0x0000000085000000| Untracked 
|  53|0x0000000085100000, 0x0000000085100000, 0x0000000085200000|  0%| F|  |TAMS 0x0000000085100000, 0x0000000085100000| Untracked 
|  54|0x0000000085200000, 0x0000000085200000, 0x0000000085300000|  0%| F|  |TAMS 0x0000000085200000, 0x0000000085200000| Untracked 
|  55|0x0000000085300000, 0x0000000085300000, 0x0000000085400000|  0%| F|  |TAMS 0x0000000085300000, 0x0000000085300000| Untracked 
|  56|0x0000000085400000, 0x0000000085400000, 0x0000000085500000|  0%| F|  |TAMS 0x0000000085400000, 0x0000000085400000| Untracked 
|  57|0x0000000085500000, 0x0000000085500000, 0x0000000085600000|  0%| F|  |TAMS 0x0000000085500000, 0x0000000085500000| Untracked 
|  58|0x0000000085600000, 0x0000000085600000, 0x0000000085700000|  0%| F|  |TAMS 0x0000000085600000, 0x0000000085600000| Untracked 
|  59|0x0000000085700000, 0x0000000085700000, 0x0000000085800000|  0%| F|  |TAMS 0x0000000085700000, 0x0000000085700000| Untracked 
|  60|0x0000000085800000, 0x0000000085800000, 0x0000000085900000|  0%| F|  |TAMS 0x0000000085800000, 0x0000000085800000| Untracked 
|  61|0x0000000085900000, 0x0000000085900000, 0x0000000085a00000|  0%| F|  |TAMS 0x0000000085900000, 0x0000000085900000| Untracked 
|  62|0x0000000085a00000, 0x0000000085a00000, 0x0000000085b00000|  0%| F|  |TAMS 0x0000000085a00000, 0x0000000085a00000| Untracked 
|  63|0x0000000085b00000, 0x0000000085b00000, 0x0000000085c00000|  0%| F|  |TAMS 0x0000000085b00000, 0x0000000085b00000| Untracked 
|  64|0x0000000085c00000, 0x0000000085c00000, 0x0000000085d00000|  0%| F|  |TAMS 0x0000000085c00000, 0x0000000085c00000| Untracked 
|  65|0x0000000085d00000, 0x0000000085d00000, 0x0000000085e00000|  0%| F|  |TAMS 0x0000000085d00000, 0x0000000085d00000| Untracked 
|  66|0x0000000085e00000, 0x0000000085e00000, 0x0000000085f00000|  0%| F|  |TAMS 0x0000000085e00000, 0x0000000085e00000| Untracked 
|  67|0x0000000085f00000, 0x0000000085f00000, 0x0000000086000000|  0%| F|  |TAMS 0x0000000085f00000, 0x0000000085f00000| Untracked 
|  68|0x0000000086000000, 0x0000000086000000, 0x0000000086100000|  0%| F|  |TAMS 0x0000000086000000, 0x0000000086000000| Untracked 
|  69|0x0000000086100000, 0x0000000086100000, 0x0000000086200000|  0%| F|  |TAMS 0x0000000086100000, 0x0000000086100000| Untracked 
|  70|0x0000000086200000, 0x0000000086200000, 0x0000000086300000|  0%| F|  |TAMS 0x0000000086200000, 0x0000000086200000| Untracked 
|  71|0x0000000086300000, 0x0000000086300000, 0x0000000086400000|  0%| F|  |TAMS 0x0000000086300000, 0x0000000086300000| Untracked 
|  72|0x0000000086400000, 0x0000000086400000, 0x0000000086500000|  0%| F|  |TAMS 0x0000000086400000, 0x0000000086400000| Untracked 
|  73|0x0000000086500000, 0x0000000086500000, 0x0000000086600000|  0%| F|  |TAMS 0x0000000086500000, 0x0000000086500000| Untracked 
|  74|0x0000000086600000, 0x0000000086600000, 0x0000000086700000|  0%| F|  |TAMS 0x0000000086600000, 0x0000000086600000| Untracked 
|  75|0x0000000086700000, 0x0000000086700000, 0x0000000086800000|  0%| F|  |TAMS 0x0000000086700000, 0x0000000086700000| Untracked 
|  76|0x0000000086800000, 0x0000000086800000, 0x0000000086900000|  0%| F|  |TAMS 0x0000000086800000, 0x0000000086800000| Untracked 
|  77|0x0000000086900000, 0x0000000086900000, 0x0000000086a00000|  0%| F|  |TAMS 0x0000000086900000, 0x0000000086900000| Untracked 
|  78|0x0000000086a00000, 0x0000000086a00000, 0x0000000086b00000|  0%| F|  |TAMS 0x0000000086a00000, 0x0000000086a00000| Untracked 
|  79|0x0000000086b00000, 0x0000000086b00000, 0x0000000086c00000|  0%| F|  |TAMS 0x0000000086b00000, 0x0000000086b00000| Untracked 
|  80|0x0000000086c00000, 0x0000000086c00000, 0x0000000086d00000|  0%| F|  |TAMS 0x0000000086c00000, 0x0000000086c00000| Untracked 
|  81|0x0000000086d00000, 0x0000000086d00000, 0x0000000086e00000|  0%| F|  |TAMS 0x0000000086d00000, 0x0000000086d00000| Untracked 
|  82|0x0000000086e00000, 0x0000000086e00000, 0x0000000086f00000|  0%| F|  |TAMS 0x0000000086e00000, 0x0000000086e00000| Untracked 
|  83|0x0000000086f00000, 0x0000000086f00000, 0x0000000087000000|  0%| F|  |TAMS 0x0000000086f00000, 0x0000000086f00000| Untracked 
|  84|0x0000000087000000, 0x0000000087000000, 0x0000000087100000|  0%| F|  |TAMS 0x0000000087000000, 0x0000000087000000| Untracked 
|  85|0x0000000087100000, 0x0000000087100000, 0x0000000087200000|  0%| F|  |TAMS 0x0000000087100000, 0x0000000087100000| Untracked 
|  86|0x0000000087200000, 0x00000000872fc090, 0x0000000087300000| 98%| S|CS|TAMS 0x0000000087200000, 0x0000000087200000| Complete 
|  87|0x0000000087300000, 0x0000000087400000, 0x0000000087400000|100%| S|CS|TAMS 0x0000000087300000, 0x0000000087300000| Complete 
|  88|0x0000000087400000, 0x0000000087500000, 0x0000000087500000|100%| S|CS|TAMS 0x0000000087400000, 0x0000000087400000| Complete 
|  89|0x0000000087500000, 0x0000000087600000, 0x0000000087600000|100%| S|CS|TAMS 0x0000000087500000, 0x0000000087500000| Complete 
|  90|0x0000000087600000, 0x0000000087700000, 0x0000000087700000|100%| S|CS|TAMS 0x0000000087600000, 0x0000000087600000| Complete 
|  91|0x0000000087700000, 0x0000000087800000, 0x0000000087800000|100%| S|CS|TAMS 0x0000000087700000, 0x0000000087700000| Complete 
|  92|0x0000000087800000, 0x0000000087800000, 0x0000000087900000|  0%| F|  |TAMS 0x0000000087800000, 0x0000000087800000| Untracked 
|  93|0x0000000087900000, 0x0000000087900000, 0x0000000087a00000|  0%| F|  |TAMS 0x0000000087900000, 0x0000000087900000| Untracked 
|  94|0x0000000087a00000, 0x0000000087a00000, 0x0000000087b00000|  0%| F|  |TAMS 0x0000000087a00000, 0x0000000087a00000| Untracked 
|  95|0x0000000087b00000, 0x0000000087b00000, 0x0000000087c00000|  0%| F|  |TAMS 0x0000000087b00000, 0x0000000087b00000| Untracked 
|  96|0x0000000087c00000, 0x0000000087c00000, 0x0000000087d00000|  0%| F|  |TAMS 0x0000000087c00000, 0x0000000087c00000| Untracked 
|  97|0x0000000087d00000, 0x0000000087d00000, 0x0000000087e00000|  0%| F|  |TAMS 0x0000000087d00000, 0x0000000087d00000| Untracked 
|  98|0x0000000087e00000, 0x0000000087e00000, 0x0000000087f00000|  0%| F|  |TAMS 0x0000000087e00000, 0x0000000087e00000| Untracked 
|  99|0x0000000087f00000, 0x0000000087f00000, 0x0000000088000000|  0%| F|  |TAMS 0x0000000087f00000, 0x0000000087f00000| Untracked 
| 100|0x0000000088000000, 0x0000000088000000, 0x0000000088100000|  0%| F|  |TAMS 0x0000000088000000, 0x0000000088000000| Untracked 
| 101|0x0000000088100000, 0x0000000088100000, 0x0000000088200000|  0%| F|  |TAMS 0x0000000088100000, 0x0000000088100000| Untracked 
| 102|0x0000000088200000, 0x0000000088200000, 0x0000000088300000|  0%| F|  |TAMS 0x0000000088200000, 0x0000000088200000| Untracked 
| 103|0x0000000088300000, 0x0000000088300000, 0x0000000088400000|  0%| F|  |TAMS 0x0000000088300000, 0x0000000088300000| Untracked 
| 104|0x0000000088400000, 0x0000000088400000, 0x0000000088500000|  0%| F|  |TAMS 0x0000000088400000, 0x0000000088400000| Untracked 
| 105|0x0000000088500000, 0x0000000088500000, 0x0000000088600000|  0%| F|  |TAMS 0x0000000088500000, 0x0000000088500000| Untracked 
| 106|0x0000000088600000, 0x0000000088600000, 0x0000000088700000|  0%| F|  |TAMS 0x0000000088600000, 0x0000000088600000| Untracked 
| 107|0x0000000088700000, 0x0000000088700000, 0x0000000088800000|  0%| F|  |TAMS 0x0000000088700000, 0x0000000088700000| Untracked 
| 108|0x0000000088800000, 0x0000000088800000, 0x0000000088900000|  0%| F|  |TAMS 0x0000000088800000, 0x0000000088800000| Untracked 
| 109|0x0000000088900000, 0x0000000088900000, 0x0000000088a00000|  0%| F|  |TAMS 0x0000000088900000, 0x0000000088900000| Untracked 
| 110|0x0000000088a00000, 0x0000000088a00000, 0x0000000088b00000|  0%| F|  |TAMS 0x0000000088a00000, 0x0000000088a00000| Untracked 
| 111|0x0000000088b00000, 0x0000000088b00000, 0x0000000088c00000|  0%| F|  |TAMS 0x0000000088b00000, 0x0000000088b00000| Untracked 
| 112|0x0000000088c00000, 0x0000000088c00000, 0x0000000088d00000|  0%| F|  |TAMS 0x0000000088c00000, 0x0000000088c00000| Untracked 
| 113|0x0000000088d00000, 0x0000000088d00000, 0x0000000088e00000|  0%| F|  |TAMS 0x0000000088d00000, 0x0000000088d00000| Untracked 
| 114|0x0000000088e00000, 0x0000000088e00000, 0x0000000088f00000|  0%| F|  |TAMS 0x0000000088e00000, 0x0000000088e00000| Untracked 
| 115|0x0000000088f00000, 0x0000000088f00000, 0x0000000089000000|  0%| F|  |TAMS 0x0000000088f00000, 0x0000000088f00000| Untracked 
| 116|0x0000000089000000, 0x0000000089000000, 0x0000000089100000|  0%| F|  |TAMS 0x0000000089000000, 0x0000000089000000| Untracked 
| 117|0x0000000089100000, 0x0000000089100000, 0x0000000089200000|  0%| F|  |TAMS 0x0000000089100000, 0x0000000089100000| Untracked 
| 118|0x0000000089200000, 0x0000000089200000, 0x0000000089300000|  0%| F|  |TAMS 0x0000000089200000, 0x0000000089200000| Untracked 
| 119|0x0000000089300000, 0x0000000089300000, 0x0000000089400000|  0%| F|  |TAMS 0x0000000089300000, 0x0000000089300000| Untracked 
| 120|0x0000000089400000, 0x0000000089400000, 0x0000000089500000|  0%| F|  |TAMS 0x0000000089400000, 0x0000000089400000| Untracked 
| 121|0x0000000089500000, 0x0000000089500000, 0x0000000089600000|  0%| F|  |TAMS 0x0000000089500000, 0x0000000089500000| Untracked 
| 122|0x0000000089600000, 0x0000000089600000, 0x0000000089700000|  0%| F|  |TAMS 0x0000000089600000, 0x0000000089600000| Untracked 
| 123|0x0000000089700000, 0x0000000089700000, 0x0000000089800000|  0%| F|  |TAMS 0x0000000089700000, 0x0000000089700000| Untracked 
| 124|0x0000000089800000, 0x0000000089800000, 0x0000000089900000|  0%| F|  |TAMS 0x0000000089800000, 0x0000000089800000| Untracked 
| 125|0x0000000089900000, 0x0000000089900000, 0x0000000089a00000|  0%| F|  |TAMS 0x0000000089900000, 0x0000000089900000| Untracked 
| 126|0x0000000089a00000, 0x0000000089a00000, 0x0000000089b00000|  0%| F|  |TAMS 0x0000000089a00000, 0x0000000089a00000| Untracked 
| 127|0x0000000089b00000, 0x0000000089b00000, 0x0000000089c00000|  0%| F|  |TAMS 0x0000000089b00000, 0x0000000089b00000| Untracked 
| 128|0x0000000089c00000, 0x0000000089c00000, 0x0000000089d00000|  0%| F|  |TAMS 0x0000000089c00000, 0x0000000089c00000| Untracked 
| 129|0x0000000089d00000, 0x0000000089d00000, 0x0000000089e00000|  0%| F|  |TAMS 0x0000000089d00000, 0x0000000089d00000| Untracked 
| 130|0x0000000089e00000, 0x0000000089e80800, 0x0000000089f00000| 50%| E|  |TAMS 0x0000000089e00000, 0x0000000089e00000| Complete 
| 131|0x0000000089f00000, 0x000000008a000000, 0x000000008a000000|100%| E|CS|TAMS 0x0000000089f00000, 0x0000000089f00000| Complete 
| 132|0x000000008a000000, 0x000000008a100000, 0x000000008a100000|100%| E|CS|TAMS 0x000000008a000000, 0x000000008a000000| Complete 
| 133|0x000000008a100000, 0x000000008a200000, 0x000000008a200000|100%| E|CS|TAMS 0x000000008a100000, 0x000000008a100000| Complete 
| 134|0x000000008a200000, 0x000000008a300000, 0x000000008a300000|100%| E|CS|TAMS 0x000000008a200000, 0x000000008a200000| Complete 
| 135|0x000000008a300000, 0x000000008a400000, 0x000000008a400000|100%| E|CS|TAMS 0x000000008a300000, 0x000000008a300000| Complete 
| 136|0x000000008a400000, 0x000000008a500000, 0x000000008a500000|100%| E|CS|TAMS 0x000000008a400000, 0x000000008a400000| Complete 
| 137|0x000000008a500000, 0x000000008a600000, 0x000000008a600000|100%| E|CS|TAMS 0x000000008a500000, 0x000000008a500000| Complete 
| 138|0x000000008a600000, 0x000000008a700000, 0x000000008a700000|100%| E|CS|TAMS 0x000000008a600000, 0x000000008a600000| Complete 
| 139|0x000000008a700000, 0x000000008a800000, 0x000000008a800000|100%| E|  |TAMS 0x000000008a700000, 0x000000008a700000| Complete 
| 140|0x000000008a800000, 0x000000008a900000, 0x000000008a900000|100%| E|CS|TAMS 0x000000008a800000, 0x000000008a800000| Complete 
| 141|0x000000008a900000, 0x000000008aa00000, 0x000000008aa00000|100%| E|CS|TAMS 0x000000008a900000, 0x000000008a900000| Complete 
| 142|0x000000008aa00000, 0x000000008ab00000, 0x000000008ab00000|100%| E|CS|TAMS 0x000000008aa00000, 0x000000008aa00000| Complete 
| 143|0x000000008ab00000, 0x000000008ac00000, 0x000000008ac00000|100%| E|CS|TAMS 0x000000008ab00000, 0x000000008ab00000| Complete 
| 144|0x000000008ac00000, 0x000000008ad00000, 0x000000008ad00000|100%| E|CS|TAMS 0x000000008ac00000, 0x000000008ac00000| Complete 
| 145|0x000000008ad00000, 0x000000008ae00000, 0x000000008ae00000|100%| E|CS|TAMS 0x000000008ad00000, 0x000000008ad00000| Complete 
| 146|0x000000008ae00000, 0x000000008af00000, 0x000000008af00000|100%| E|CS|TAMS 0x000000008ae00000, 0x000000008ae00000| Complete 
| 147|0x000000008af00000, 0x000000008b000000, 0x000000008b000000|100%| E|CS|TAMS 0x000000008af00000, 0x000000008af00000| Complete 
| 148|0x000000008b000000, 0x000000008b100000, 0x000000008b100000|100%| E|CS|TAMS 0x000000008b000000, 0x000000008b000000| Complete 
| 149|0x000000008b100000, 0x000000008b200000, 0x000000008b200000|100%| E|CS|TAMS 0x000000008b100000, 0x000000008b100000| Complete 
| 150|0x000000008b200000, 0x000000008b300000, 0x000000008b300000|100%| E|CS|TAMS 0x000000008b200000, 0x000000008b200000| Complete 
| 151|0x000000008b300000, 0x000000008b400000, 0x000000008b400000|100%| E|CS|TAMS 0x000000008b300000, 0x000000008b300000| Complete 
| 152|0x000000008b400000, 0x000000008b500000, 0x000000008b500000|100%| E|CS|TAMS 0x000000008b400000, 0x000000008b400000| Complete 
| 153|0x000000008b500000, 0x000000008b600000, 0x000000008b600000|100%| E|CS|TAMS 0x000000008b500000, 0x000000008b500000| Complete 

Card table byte_map: [0x0000012071150000,0x0000012071550000] _byte_map_base: 0x0000012070d42000

Marking Bits (Prev, Next): (CMBitMap*) 0x000001205973e730, (CMBitMap*) 0x000001205973e6f8
 Prev Bits: [0x00000120738e0000, 0x0000012075870000)
 Next Bits: [0x0000012071950000, 0x00000120738e0000)

Polling page: 0x00000120575c0000

Metaspace:

Usage:
  Non-class:     26.81 MB capacity,    26.44 MB ( 99%) used,   338.51 KB (  1%) free+waste,    43.69 KB ( <1%) overhead. 
      Class:      3.35 MB capacity,     3.17 MB ( 95%) used,   166.52 KB (  5%) free+waste,    18.13 KB ( <1%) overhead. 
       Both:     30.16 MB capacity,    29.61 MB ( 98%) used,   505.03 KB (  2%) free+waste,    61.81 KB ( <1%) overhead. 

Virtual space:
  Non-class space:       28.00 MB reserved,      26.92 MB ( 96%) committed 
      Class space:        1.00 GB reserved,       3.38 MB ( <1%) committed 
             Both:        1.03 GB reserved,      30.30 MB (  3%) committed 

Chunk freelists:
   Non-Class:  48.00 KB
       Class:  26.00 KB
        Both:  74.00 KB

MaxMetaspaceSize: 17179869184.00 GB
CompressedClassSpaceSize: 1.00 GB

CodeHeap 'non-profiled nmethods': size=120064Kb used=2860Kb max_used=2860Kb free=117204Kb
 bounds [0x0000012069810000, 0x0000012069ae0000, 0x0000012070d50000]
CodeHeap 'profiled nmethods': size=120000Kb used=10763Kb max_used=10763Kb free=109236Kb
 bounds [0x00000120622e0000, 0x0000012062d70000, 0x0000012069810000]
CodeHeap 'non-nmethods': size=5696Kb used=1134Kb max_used=1156Kb free=4562Kb
 bounds [0x0000012061d50000, 0x0000012061fc0000, 0x00000120622e0000]
 total_blobs=6618 nmethods=4478 adapters=367
 compilation: enabled
              stopped_count=0, restarted_count=0
 full_count=0

Compilation events (20 events):
Event: 13.388 Thread 0x0000012079ae2000 4629       4       java.lang.StringCoding$Result::with (12 bytes)
Event: 13.390 Thread 0x0000012079ae2000 nmethod 4629 0x0000012069ad7e10 code [0x0000012069ad7fa0, 0x0000012069ad80d8]
Event: 13.396 Thread 0x0000012079ae2000 4630       4       jdk.nio.zipfs.ZipFileSystem$ParentLookup::name (43 bytes)
Event: 13.403 Thread 0x0000012079ae2000 nmethod 4630 0x0000012069ad8190 code [0x0000012069ad8320, 0x0000012069ad8618]
Event: 13.404 Thread 0x0000012079ae2000 4631       4       jdk.nio.zipfs.ZipPath::getFileName (94 bytes)
Event: 13.419 Thread 0x0000012079ae2000 nmethod 4631 0x0000012069ad8710 code [0x0000012069ad88c0, 0x0000012069ad8e78]
Event: 13.419 Thread 0x0000012077d85000 4632       1       java.util.concurrent.locks.ReentrantReadWriteLock$NonfairSync::writerShouldBlock (2 bytes)
Event: 13.419 Thread 0x0000012077d85000 nmethod 4632 0x0000012069ad9090 code [0x0000012069ad9240, 0x0000012069ad9358]
Event: 13.419 Thread 0x0000012077d85000 4633       3       java.util.concurrent.locks.ReentrantReadWriteLock::writeLock (5 bytes)
Event: 13.419 Thread 0x0000012077d85000 nmethod 4633 0x0000012062d4a510 code [0x0000012062d4a6c0, 0x0000012062d4a838]
Event: 13.420 Thread 0x0000012077d85000 4634       3       jdk.nio.zipfs.ZipCoder$UTF8::toString (49 bytes)
Event: 13.421 Thread 0x0000012077d85000 nmethod 4634 0x0000012062d4a910 code [0x0000012062d4ab00, 0x0000012062d4aea0]
Event: 13.421 Thread 0x0000012077d85000 4635       1       jdk.nio.zipfs.ZipFileSystem$Entry::fileKey (2 bytes)
Event: 13.421 Thread 0x0000012077d85000 nmethod 4635 0x0000012069ad9410 code [0x0000012069ad95c0, 0x0000012069ad96d8]
Event: 13.421 Thread 0x0000012077d85000 4636       3       java.lang.StringCoding::decodeLatin1 (42 bytes)
Event: 13.422 Thread 0x0000012077d85000 nmethod 4636 0x0000012062d4b090 code [0x0000012062d4b280, 0x0000012062d4b6a0]
Event: 13.431 Thread 0x0000012079ae2000 4637       4       java.util.Arrays::rangeCheck (74 bytes)
Event: 13.431 Thread 0x0000012077d85000 4638       3       java.util.jar.Attributes::<init> (17 bytes)
Event: 13.432 Thread 0x0000012077d85000 nmethod 4638 0x0000012062d4b810 code [0x0000012062d4ba20, 0x0000012062d4bdd0]
Event: 13.432 Thread 0x0000012079ae2000 nmethod 4637 0x0000012069ad9790 code [0x0000012069ad9920, 0x0000012069ad99b8]

GC Heap History (14 events):
Event: 1.719 GC heap before
{Heap before GC invocations=0 (full 0):
 garbage-first heap   total 131072K, used 13312K [0x0000000081c00000, 0x0000000100000000)
  region size 1024K, 14 young (14336K), 0 survivors (0K)
 Metaspace       used 11129K, capacity 11341K, committed 11520K, reserved 1058816K
  class space    used 1111K, capacity 1184K, committed 1280K, reserved 1048576K
}
Event: 1.729 GC heap after
{Heap after GC invocations=1 (full 0):
 garbage-first heap   total 131072K, used 2947K [0x0000000081c00000, 0x0000000100000000)
  region size 1024K, 2 young (2048K), 2 survivors (2048K)
 Metaspace       used 11129K, capacity 11341K, committed 11520K, reserved 1058816K
  class space    used 1111K, capacity 1184K, committed 1280K, reserved 1048576K
}
Event: 3.044 GC heap before
{Heap before GC invocations=1 (full 0):
 garbage-first heap   total 131072K, used 32643K [0x0000000081c00000, 0x0000000100000000)
  region size 1024K, 31 young (31744K), 2 survivors (2048K)
 Metaspace       used 15513K, capacity 15804K, committed 15872K, reserved 1062912K
  class space    used 1666K, capacity 1775K, committed 1792K, reserved 1048576K
}
Event: 3.050 GC heap after
{Heap after GC invocations=2 (full 0):
 garbage-first heap   total 131072K, used 4301K [0x0000000081c00000, 0x0000000100000000)
  region size 1024K, 4 young (4096K), 4 survivors (4096K)
 Metaspace       used 15513K, capacity 15804K, committed 15872K, reserved 1062912K
  class space    used 1666K, capacity 1775K, committed 1792K, reserved 1048576K
}
Event: 5.185 GC heap before
{Heap before GC invocations=2 (full 0):
 garbage-first heap   total 131072K, used 41165K [0x0000000081c00000, 0x0000000100000000)
  region size 1024K, 40 young (40960K), 4 survivors (4096K)
 Metaspace       used 19746K, capacity 20073K, committed 20224K, reserved 1067008K
  class space    used 2131K, capacity 2246K, committed 2304K, reserved 1048576K
}
Event: 5.203 GC heap after
{Heap after GC invocations=3 (full 0):
 garbage-first heap   total 131072K, used 9336K [0x0000000081c00000, 0x0000000100000000)
  region size 1024K, 5 young (5120K), 5 survivors (5120K)
 Metaspace       used 19746K, capacity 20073K, committed 20224K, reserved 1067008K
  class space    used 2131K, capacity 2246K, committed 2304K, reserved 1048576K
}
Event: 8.144 GC heap before
{Heap before GC invocations=3 (full 0):
 garbage-first heap   total 131072K, used 61560K [0x0000000081c00000, 0x0000000100000000)
  region size 1024K, 56 young (57344K), 5 survivors (5120K)
 Metaspace       used 20649K, capacity 21053K, committed 21296K, reserved 1069056K
  class space    used 2183K, capacity 2316K, committed 2432K, reserved 1048576K
}
Event: 8.185 GC heap after
{Heap after GC invocations=4 (full 0):
 garbage-first heap   total 131072K, used 14620K [0x0000000081c00000, 0x0000000100000000)
  region size 1024K, 6 young (6144K), 6 survivors (6144K)
 Metaspace       used 20649K, capacity 21053K, committed 21296K, reserved 1069056K
  class space    used 2183K, capacity 2316K, committed 2432K, reserved 1048576K
}
Event: 8.567 GC heap before
{Heap before GC invocations=4 (full 0):
 garbage-first heap   total 131072K, used 25884K [0x0000000081c00000, 0x0000000100000000)
  region size 1024K, 18 young (18432K), 6 survivors (6144K)
 Metaspace       used 20794K, capacity 21126K, committed 21296K, reserved 1069056K
  class space    used 2184K, capacity 2319K, committed 2432K, reserved 1048576K
}
Event: 8.591 GC heap after
{Heap after GC invocations=5 (full 0):
 garbage-first heap   total 131072K, used 15712K [0x0000000081c00000, 0x0000000100000000)
  region size 1024K, 1 young (1024K), 1 survivors (1024K)
 Metaspace       used 20794K, capacity 21126K, committed 21296K, reserved 1069056K
  class space    used 2184K, capacity 2319K, committed 2432K, reserved 1048576K
}
Event: 11.000 GC heap before
{Heap before GC invocations=6 (full 0):
 garbage-first heap   total 131072K, used 68960K [0x0000000081c00000, 0x0000000100000000)
  region size 1024K, 53 young (54272K), 1 survivors (1024K)
 Metaspace       used 21347K, capacity 21821K, committed 22064K, reserved 1069056K
  class space    used 2213K, capacity 2357K, committed 2432K, reserved 1048576K
}
Event: 11.006 GC heap after
{Heap after GC invocations=7 (full 0):
 garbage-first heap   total 157696K, used 18784K [0x0000000081c00000, 0x0000000100000000)
  region size 1024K, 4 young (4096K), 4 survivors (4096K)
 Metaspace       used 21347K, capacity 21821K, committed 22064K, reserved 1069056K
  class space    used 2213K, capacity 2357K, committed 2432K, reserved 1048576K
}
Event: 12.035 GC heap before
{Heap before GC invocations=7 (full 0):
 garbage-first heap   total 157696K, used 82272K [0x0000000081c00000, 0x0000000100000000)
  region size 1024K, 66 young (67584K), 4 survivors (4096K)
 Metaspace       used 24367K, capacity 24906K, committed 25264K, reserved 1071104K
  class space    used 2554K, capacity 2712K, committed 2816K, reserved 1048576K
}
Event: 12.042 GC heap after
{Heap after GC invocations=8 (full 0):
 garbage-first heap   total 157696K, used 21840K [0x0000000081c00000, 0x0000000100000000)
  region size 1024K, 6 young (6144K), 6 survivors (6144K)
 Metaspace       used 24367K, capacity 24906K, committed 25264K, reserved 1071104K
  class space    used 2554K, capacity 2712K, committed 2816K, reserved 1048576K
}

Deoptimization events (20 events):
Event: 12.149 Thread 0x000001207a083800 Uncommon trap: trap_request=0xffffff4d fr.pc=0x00000120699e9a84 relative=0x00000000000003c4
Event: 12.149 Thread 0x000001207a083800 Uncommon trap: reason=unstable_if action=reinterpret pc=0x00000120699e9a84 method=java.util.StringTokenizer.setMaxDelimCodePoint()V @ 71 c2
Event: 12.149 Thread 0x000001207a083800 DEOPT PACKING pc=0x00000120699e9a84 sp=0x0000001f6e9fd950
Event: 12.149 Thread 0x000001207a083800 DEOPT UNPACKING pc=0x0000012061d78f2f sp=0x0000001f6e9fd890 mode 2
Event: 12.156 Thread 0x000001207a083800 Uncommon trap: trap_request=0xffffff4d fr.pc=0x00000120699e9188 relative=0x0000000000000148
Event: 12.156 Thread 0x000001207a083800 Uncommon trap: reason=unstable_if action=reinterpret pc=0x00000120699e9188 method=java.util.StringTokenizer.setMaxDelimCodePoint()V @ 71 c2
Event: 12.156 Thread 0x000001207a083800 DEOPT PACKING pc=0x00000120699e9188 sp=0x0000001f6e9fd910
Event: 12.157 Thread 0x000001207a083800 DEOPT UNPACKING pc=0x0000012061d78f2f sp=0x0000001f6e9fd890 mode 2
Event: 12.898 Thread 0x000001207a083800 Uncommon trap: trap_request=0xffffff4d fr.pc=0x0000012069aa4d04 relative=0x00000000000006e4
Event: 12.898 Thread 0x000001207a083800 Uncommon trap: reason=unstable_if action=reinterpret pc=0x0000012069aa4d04 method=java.util.regex.Pattern$BmpCharPropertyGreedy.match(Ljava/util/regex/Matcher;ILjava/lang/CharSequence;)Z @ 73 c2
Event: 12.898 Thread 0x000001207a083800 DEOPT PACKING pc=0x0000012069aa4d04 sp=0x0000001f6e9fcef0
Event: 12.898 Thread 0x000001207a083800 DEOPT UNPACKING pc=0x0000012061d78f2f sp=0x0000001f6e9fcea0 mode 2
Event: 12.916 Thread 0x000001207a083800 Uncommon trap: trap_request=0xffffff4d fr.pc=0x00000120699aa340 relative=0x00000000000000a0
Event: 12.916 Thread 0x000001207a083800 Uncommon trap: reason=unstable_if action=reinterpret pc=0x00000120699aa340 method=java.lang.CharacterDataLatin1.digit(II)I @ 7 c2
Event: 12.916 Thread 0x000001207a083800 DEOPT PACKING pc=0x00000120699aa340 sp=0x0000001f6e9fdab0
Event: 12.916 Thread 0x000001207a083800 DEOPT UNPACKING pc=0x0000012061d78f2f sp=0x0000001f6e9fd970 mode 2
Event: 12.929 Thread 0x000001207a083800 Uncommon trap: trap_request=0xffffff4d fr.pc=0x0000012069963138 relative=0x0000000000000098
Event: 12.929 Thread 0x000001207a083800 Uncommon trap: reason=unstable_if action=reinterpret pc=0x0000012069963138 method=java.lang.CharacterDataLatin1.digit(II)I @ 7 c2
Event: 12.929 Thread 0x000001207a083800 DEOPT PACKING pc=0x0000012069963138 sp=0x0000001f6e9fd9f0
Event: 12.929 Thread 0x000001207a083800 DEOPT UNPACKING pc=0x0000012061d78f2f sp=0x0000001f6e9fd970 mode 2

Classes redefined (0 events):
No events

Internal exceptions (20 events):
Event: 12.154 Thread 0x000001207a083800 Exception <a 'sun/nio/fs/WindowsException'{0x000000008ad3e3f0}> (0x000000008ad3e3f0) thrown at [c:/cygwin64/tmp/openjdk-jdk11u-windows-x64-hotspot/workspace/build/src/src/hotspot/share/prims/jni.cpp, line 615]
Event: 12.155 Thread 0x000001207a083800 Exception <a 'sun/nio/fs/WindowsException'{0x000000008ad3ea68}> (0x000000008ad3ea68) thrown at [c:/cygwin64/tmp/openjdk-jdk11u-windows-x64-hotspot/workspace/build/src/src/hotspot/share/prims/jni.cpp, line 615]
Event: 12.158 Thread 0x000001207a083800 Exception <a 'sun/nio/fs/WindowsException'{0x000000008ad49fb0}> (0x000000008ad49fb0) thrown at [c:/cygwin64/tmp/openjdk-jdk11u-windows-x64-hotspot/workspace/build/src/src/hotspot/share/prims/jni.cpp, line 615]
Event: 12.158 Thread 0x000001207a083800 Exception <a 'sun/nio/fs/WindowsException'{0x000000008ad4a860}> (0x000000008ad4a860) thrown at [c:/cygwin64/tmp/openjdk-jdk11u-windows-x64-hotspot/workspace/build/src/src/hotspot/share/prims/jni.cpp, line 615]
Event: 12.158 Thread 0x000001207a083800 Exception <a 'sun/nio/fs/WindowsException'{0x000000008ad4ab18}> (0x000000008ad4ab18) thrown at [c:/cygwin64/tmp/openjdk-jdk11u-windows-x64-hotspot/workspace/build/src/src/hotspot/share/prims/jni.cpp, line 615]
Event: 12.158 Thread 0x000001207a083800 Exception <a 'sun/nio/fs/WindowsException'{0x000000008ad4b710}> (0x000000008ad4b710) thrown at [c:/cygwin64/tmp/openjdk-jdk11u-windows-x64-hotspot/workspace/build/src/src/hotspot/share/prims/jni.cpp, line 615]
Event: 12.158 Thread 0x000001207a083800 Exception <a 'sun/nio/fs/WindowsException'{0x000000008ad4bd88}> (0x000000008ad4bd88) thrown at [c:/cygwin64/tmp/openjdk-jdk11u-windows-x64-hotspot/workspace/build/src/src/hotspot/share/prims/jni.cpp, line 615]
Event: 12.200 Thread 0x000001207a083800 Exception <a 'sun/nio/fs/WindowsException'{0x000000008ac5eea8}> (0x000000008ac5eea8) thrown at [c:/cygwin64/tmp/openjdk-jdk11u-windows-x64-hotspot/workspace/build/src/src/hotspot/share/prims/jni.cpp, line 615]
Event: 12.202 Thread 0x000001207a083800 Exception <a 'sun/nio/fs/WindowsException'{0x000000008ac62428}> (0x000000008ac62428) thrown at [c:/cygwin64/tmp/openjdk-jdk11u-windows-x64-hotspot/workspace/build/src/src/hotspot/share/prims/jni.cpp, line 615]
Event: 12.203 Thread 0x000001207a083800 Exception <a 'sun/nio/fs/WindowsException'{0x000000008ac64a28}> (0x000000008ac64a28) thrown at [c:/cygwin64/tmp/openjdk-jdk11u-windows-x64-hotspot/workspace/build/src/src/hotspot/share/prims/jni.cpp, line 615]
Event: 12.237 Thread 0x000001207a083800 Exception <a 'sun/nio/fs/WindowsException'{0x000000008aca8d48}> (0x000000008aca8d48) thrown at [c:/cygwin64/tmp/openjdk-jdk11u-windows-x64-hotspot/workspace/build/src/src/hotspot/share/prims/jni.cpp, line 615]
Event: 12.237 Thread 0x000001207a083800 Exception <a 'sun/nio/fs/WindowsException'{0x000000008aca9130}> (0x000000008aca9130) thrown at [c:/cygwin64/tmp/openjdk-jdk11u-windows-x64-hotspot/workspace/build/src/src/hotspot/share/prims/jni.cpp, line 615]
Event: 12.239 Thread 0x000001207a083800 Exception <a 'sun/nio/fs/WindowsException'{0x000000008acab828}> (0x000000008acab828) thrown at [c:/cygwin64/tmp/openjdk-jdk11u-windows-x64-hotspot/workspace/build/src/src/hotspot/share/prims/jni.cpp, line 615]
Event: 12.239 Thread 0x000001207a083800 Exception <a 'sun/nio/fs/WindowsException'{0x000000008acabae8}> (0x000000008acabae8) thrown at [c:/cygwin64/tmp/openjdk-jdk11u-windows-x64-hotspot/workspace/build/src/src/hotspot/share/prims/jni.cpp, line 615]
Event: 12.247 Thread 0x000001207a083800 Exception <a 'java/lang/NoSuchMethodError'{0x000000008acbfbc0}: 'int java.lang.invoke.DirectMethodHandle$Holder.invokeVirtual(java.lang.Object, java.lang.Object, java.lang.Object)'> (0x000000008acbfbc0) thrown at [c:/cygwin64/tmp/openjdk-jdk11u-windows-x6
Event: 12.400 Thread 0x000001207a083800 Exception <a 'java/lang/NoSuchMethodError'{0x000000008abd2b70}: 'int java.lang.invoke.DirectMethodHandle$Holder.invokeStaticInit(java.lang.Object, java.lang.Object)'> (0x000000008abd2b70) thrown at [c:/cygwin64/tmp/openjdk-jdk11u-windows-x64-hotspot/works
Event: 12.527 Thread 0x000001207a083800 Exception <a 'java/lang/NoSuchMethodError'{0x000000008aa9f708}: 'int java.lang.invoke.DirectMethodHandle$Holder.invokeVirtual(java.lang.Object, java.lang.Object)'> (0x000000008aa9f708) thrown at [c:/cygwin64/tmp/openjdk-jdk11u-windows-x64-hotspot/workspac
Event: 12.539 Thread 0x000001207a083800 Exception <a 'java/lang/NoSuchMethodError'{0x000000008aace2f0}: 'java.lang.Object java.lang.invoke.Invokers$Holder.linkToTargetMethod(java.lang.Object, java.lang.Object, java.lang.Object, java.lang.Object, java.lang.Object, java.lang.Object)'> (0x00000000
Event: 13.004 Thread 0x000001207a083800 Exception <a 'sun/nio/fs/WindowsException'{0x000000008a2c5180}> (0x000000008a2c5180) thrown at [c:/cygwin64/tmp/openjdk-jdk11u-windows-x64-hotspot/workspace/build/src/src/hotspot/share/prims/jni.cpp, line 615]
Event: 13.004 Thread 0x000001207a083800 Exception <a 'sun/nio/fs/WindowsException'{0x000000008a2c55a0}> (0x000000008a2c55a0) thrown at [c:/cygwin64/tmp/openjdk-jdk11u-windows-x64-hotspot/workspace/build/src/src/hotspot/share/prims/jni.cpp, line 615]

Events (20 events):
Event: 13.159 loading class java/nio/file/ClosedDirectoryStreamException
Event: 13.159 loading class java/nio/file/ClosedDirectoryStreamException done
Event: 13.159 loading class java/nio/file/DirectoryIteratorException
Event: 13.159 loading class java/nio/file/DirectoryIteratorException done
Event: 13.159 loading class java/nio/file/FileTreeWalker$DirectoryNode
Event: 13.160 loading class java/nio/file/FileTreeWalker$DirectoryNode done
Event: 13.161 loading class java/nio/file/FileTreeWalker$Event
Event: 13.162 loading class java/nio/file/FileTreeWalker$Event done
Event: 13.162 loading class java/nio/file/FileTreeWalker$EventType
Event: 13.162 loading class java/nio/file/FileTreeWalker$EventType done
Event: 13.162 loading class java/nio/file/Files$3
Event: 13.162 loading class java/nio/file/Files$3 done
Event: 13.168 loading class java/nio/file/FileVisitResult
Event: 13.173 loading class java/nio/file/FileVisitResult done
Event: 13.174 loading class sun/nio/fs/BasicFileAttributesHolder
Event: 13.174 loading class sun/nio/fs/BasicFileAttributesHolder done
Event: 13.294 loading class jdk/nio/zipfs/ZipFileSystem$IndexNode
Event: 13.294 loading class jdk/nio/zipfs/ZipFileSystem$IndexNode done
Event: 13.294 loading class jdk/nio/zipfs/JarFileSystem
Event: 13.294 loading class jdk/nio/zipfs/JarFileSystem done


Dynamic libraries:
0x00007ff7e5750000 - 0x00007ff7e575d000 	C:\Program Files\AdoptOpenJDK\jdk-11.0.6.10-hotspot\bin\java.exe
0x00007ffa489a0000 - 0x00007ffa48b90000 	C:\WINDOWS\SYSTEM32\ntdll.dll
0x00007ffa47bc0000 - 0x00007ffa47c72000 	C:\WINDOWS\System32\KERNEL32.DLL
0x00007ffa46440000 - 0x00007ffa466e4000 	C:\WINDOWS\System32\KERNELBASE.dll
0x00007ffa45920000 - 0x00007ffa45a1a000 	C:\WINDOWS\System32\ucrtbase.dll
0x00007ffa3c9d0000 - 0x00007ffa3c9e7000 	C:\Program Files\AdoptOpenJDK\jdk-11.0.6.10-hotspot\bin\jli.dll
0x00007ffa47dc0000 - 0x00007ffa47f55000 	C:\WINDOWS\System32\USER32.dll
0x00007ffa461b0000 - 0x00007ffa461d1000 	C:\WINDOWS\System32\win32u.dll
0x00007ffa46ce0000 - 0x00007ffa46d06000 	C:\WINDOWS\System32\GDI32.dll
0x00007ffa468b0000 - 0x00007ffa46a46000 	C:\WINDOWS\System32\gdi32full.dll
0x00007ffa466f0000 - 0x00007ffa4678e000 	C:\WINDOWS\System32\msvcp_win.dll
0x00007ffa2a040000 - 0x00007ffa2a2c4000 	C:\WINDOWS\WinSxS\amd64_microsoft.windows.common-controls_6595b64144ccf1df_6.0.18362.1016_none_9e7a36bbe461dae4\COMCTL32.dll
0x00007ffa48810000 - 0x00007ffa488ae000 	C:\WINDOWS\System32\msvcrt.dll
0x00007ffa47f60000 - 0x00007ffa48295000 	C:\WINDOWS\System32\combase.dll
0x00007ffa46a60000 - 0x00007ffa46b80000 	C:\WINDOWS\System32\RPCRT4.dll
0x00007ffa46800000 - 0x00007ffa46880000 	C:\WINDOWS\System32\bcryptPrimitives.dll
0x00007ffa3bb40000 - 0x00007ffa3bb56000 	C:\Program Files\AdoptOpenJDK\jdk-11.0.6.10-hotspot\bin\VCRUNTIME140.dll
0x00007ffa46c50000 - 0x00007ffa46c7e000 	C:\WINDOWS\System32\IMM32.DLL
0x00007ffa26970000 - 0x00007ffa26a0b000 	C:\Program Files\AdoptOpenJDK\jdk-11.0.6.10-hotspot\bin\msvcp140.dll
0x00007ff9fd7f0000 - 0x00007ff9fe2ac000 	C:\Program Files\AdoptOpenJDK\jdk-11.0.6.10-hotspot\bin\server\jvm.dll
0x00007ffa46d10000 - 0x00007ffa46db3000 	C:\WINDOWS\System32\ADVAPI32.dll
0x00007ffa482a0000 - 0x00007ffa48337000 	C:\WINDOWS\System32\sechost.dll
0x00007ffa483f0000 - 0x00007ffa483f8000 	C:\WINDOWS\System32\PSAPI.DLL
0x00007ffa26530000 - 0x00007ffa26539000 	C:\WINDOWS\SYSTEM32\WSOCK32.dll
0x00007ffa48480000 - 0x00007ffa484ef000 	C:\WINDOWS\System32\WS2_32.dll
0x00007ffa40270000 - 0x00007ffa40294000 	C:\WINDOWS\SYSTEM32\WINMM.dll
0x00007ffa448a0000 - 0x00007ffa448aa000 	C:\WINDOWS\SYSTEM32\VERSION.dll
0x00007ffa40210000 - 0x00007ffa4023d000 	C:\WINDOWS\SYSTEM32\WINMMBASE.dll
0x00007ffa467b0000 - 0x00007ffa467fa000 	C:\WINDOWS\System32\cfgmgr32.dll
0x00007ffa458b0000 - 0x00007ffa458c1000 	C:\WINDOWS\System32\kernel.appcore.dll
0x00007ffa3c9f0000 - 0x00007ffa3ca00000 	C:\Program Files\AdoptOpenJDK\jdk-11.0.6.10-hotspot\bin\verify.dll
0x00007ffa44040000 - 0x00007ffa44234000 	C:\WINDOWS\SYSTEM32\DBGHELP.DLL
0x00007ffa36670000 - 0x00007ffa3669a000 	C:\WINDOWS\SYSTEM32\dbgcore.DLL
0x00007ffa35560000 - 0x00007ffa35588000 	C:\Program Files\AdoptOpenJDK\jdk-11.0.6.10-hotspot\bin\java.dll
0x00007ffa3b900000 - 0x00007ffa3b917000 	C:\Program Files\AdoptOpenJDK\jdk-11.0.6.10-hotspot\bin\zip.dll
0x00007ffa3c9a0000 - 0x00007ffa3c9aa000 	C:\Program Files\AdoptOpenJDK\jdk-11.0.6.10-hotspot\bin\jimage.dll
0x00007ffa47410000 - 0x00007ffa47af7000 	C:\WINDOWS\System32\SHELL32.dll
0x00007ffa48340000 - 0x00007ffa483e9000 	C:\WINDOWS\System32\shcore.dll
0x00007ffa45a20000 - 0x00007ffa461a2000 	C:\WINDOWS\System32\windows.storage.dll
0x00007ffa458f0000 - 0x00007ffa45913000 	C:\WINDOWS\System32\profapi.dll
0x00007ffa45860000 - 0x00007ffa458aa000 	C:\WINDOWS\System32\powrprof.dll
0x00007ffa45850000 - 0x00007ffa45860000 	C:\WINDOWS\System32\UMPDC.dll
0x00007ffa47b60000 - 0x00007ffa47bb2000 	C:\WINDOWS\System32\shlwapi.dll
0x00007ffa46790000 - 0x00007ffa467a7000 	C:\WINDOWS\System32\cryptsp.dll
0x00007ffa3b8a0000 - 0x00007ffa3b8b9000 	C:\Program Files\AdoptOpenJDK\jdk-11.0.6.10-hotspot\bin\net.dll
0x00007ffa343b0000 - 0x00007ffa344a0000 	C:\WINDOWS\SYSTEM32\WINHTTP.dll
0x00007ffa450b0000 - 0x00007ffa45117000 	C:\WINDOWS\system32\mswsock.dll
0x00007ffa32ad0000 - 0x00007ffa32ae2000 	C:\Program Files\AdoptOpenJDK\jdk-11.0.6.10-hotspot\bin\nio.dll

dbghelp: loaded successfully - version: 4.0.5 - missing functions: none
symbol engine: initialized successfully - sym options: 0x614 - pdb path: .;C:\Program Files\AdoptOpenJDK\jdk-11.0.6.10-hotspot\bin;C:\WINDOWS\SYSTEM32;C:\WINDOWS\WinSxS\amd64_microsoft.windows.common-controls_6595b64144ccf1df_6.0.18362.1016_none_9e7a36bbe461dae4;C:\Program Files\AdoptOpenJDK\jdk-11.0.6.10-hotspot\bin\server

VM Arguments:
jvm_args: -Dclassworlds.conf=C:\Program Files\TMCBeans\java\maven\bin\m2.conf -Dmaven.home=C:\Program Files\TMCBeans\java\maven -Dmaven.multiModuleProjectDirectory=C:\Users\Saku\Documents\NetBeansProjects\mooc-wepa-s20\osa02-Osa02_11.HelloIndividualPages 
java_command: org.codehaus.plexus.classworlds.launcher.Launcher -Dexec.args=-classpath %classpath helloindividualpages.HelloIndividualPagesApplication -Dexec.executable=C:\Program Files\AdoptOpenJDK\jdk-11.0.6.10-hotspot\bin\java.exe -Dfile.encoding=UTF-8 -T=1 -q spring-boot:run
java_class_path (initial): C:\Program Files\TMCBeans\java\maven\boot\plexus-classworlds-2.5.2.jar
Launcher Type: SUN_STANDARD

[Global flags]
     intx CICompilerCount                          = 3                                         {product} {ergonomic}
     uint ConcGCThreads                            = 1                                         {product} {ergonomic}
     uint G1ConcRefinementThreads                  = 4                                         {product} {ergonomic}
   size_t G1HeapRegionSize                         = 1048576                                   {product} {ergonomic}
    uintx GCDrainStackTargetSize                   = 64                                        {product} {ergonomic}
   size_t InitialHeapSize                          = 134217728                                 {product} {ergonomic}
   size_t MarkStackSize                            = 4194304                                   {product} {ergonomic}
   size_t MaxHeapSize                              = 2118123520                                {product} {ergonomic}
   size_t MaxNewSize                               = 1270874112                                {product} {ergonomic}
   size_t MinHeapDeltaBytes                        = 1048576                                   {product} {ergonomic}
    uintx NonNMethodCodeHeapSize                   = 5830732                                {pd product} {ergonomic}
    uintx NonProfiledCodeHeapSize                  = 122913754                              {pd product} {ergonomic}
    uintx ProfiledCodeHeapSize                     = 122913754                              {pd product} {ergonomic}
    uintx ReservedCodeCacheSize                    = 251658240                              {pd product} {ergonomic}
     bool SegmentedCodeCache                       = true                                      {product} {ergonomic}
     bool UseCompressedClassPointers               = true                                 {lp64_product} {ergonomic}
     bool UseCompressedOops                        = true                                 {lp64_product} {ergonomic}
     bool UseG1GC                                  = true                                      {product} {ergonomic}
     bool UseLargePagesIndividualAllocation        = false                                  {pd product} {ergonomic}

Logging:
Log output configuration:
 #0: stdout all=warning uptime,level,tags
 #1: stderr all=off uptime,level,tags

Environment Variables:
JAVA_HOME=C:\Program Files\AdoptOpenJDK\jdk-11.0.6.10-hotspot
PATH=C:\Program Files\AdoptOpenJDK\jdk-11.0.6.10-hotspot\bin;C:\Python27\;C:\Python27\Scripts;C:\Rtools\bin;C:\ProgramData\Oracle\Java\javapath;C:\Program Files\Intel\iCLS Client\;C:\WINDOWS\system32;C:\WINDOWS;C:\WINDOWS\System32\Wbem;C:\WINDOWS\System32\WindowsPowerShell\v1.0\;C:\Program Files\MATLAB\R2018a\bin;C:\WINDOWS\System32\OpenSSH\;C:\Program Files\Intel\WiFi\bin\;C:\Program Files\Common Files\Intel\WirelessCommon\;C:\Program Files (x86)\Intel\Intel(R) Management Engine Components\DAL;C:\Program Files\Intel\Intel(R) Management Engine Components\DAL;C:\Program Files\nodejs\;C:\ProgramData\chocolatey\bin;C:\Users\Saku\AppData\Local\Microsoft\WindowsApps;C:\sqlite;C:\Users\Saku\AppData\Local\Programs\Microsoft VS Code\bin;C:\Users\Saku\AppData\Roaming\npm;C:\Program Files\heroku\bin;C:\apache-maven-3.6.3\bin;
USERNAME=Saku
OS=Windows_NT
PROCESSOR_IDENTIFIER=Intel64 Family 6 Model 78 Stepping 3, GenuineIntel



---------------  S Y S T E M  ---------------

OS: Windows 10 , 64 bit Build 18362 (10.0.18362.959)

CPU:total 4 (initial active 4) (2 cores per cpu, 2 threads per core) family 6 model 78 stepping 3, cmov, cx8, fxsr, mmx, sse, sse2, sse3, ssse3, sse4.1, sse4.2, popcnt, avx, avx2, aes, clmul, erms, 3dnowpref, lzcnt, ht, tsc, tscinvbit, bmi1, bmi2, adx, fma

Memory: 4k page, system-wide physical 8072M (2381M free)
TotalPageFile size 22895M (AvailPageFile size 5M)
current process WorkingSet (physical memory assigned to process): 215M, peak: 215M
current process commit charge ("private bytes"): 297M, peak: 299M

vm_info: OpenJDK 64-Bit Server VM (11.0.6+10) for windows-amd64 JRE (11.0.6+10), built on Jan 15 2020 06:14:58 by "" with MS VC++ 15.8 (VS2017)

END.
