#
# There is insufficient memory for the Java Runtime Environment to continue.
# Native memory allocation (malloc) failed to allocate 33472 bytes for Chunk::new
# Possible reasons:
#   The system is out of physical RAM or swap space
#   The process is running with CompressedOops enabled, and the Java Heap may be blocking the growth of the native heap
# Possible solutions:
#   Reduce memory load on the system
#   Increase physical memory or swap space
#   Check if swap backing store is full
#   Decrease Java heap size (-Xmx/-Xms)
#   Decrease number of Java threads
#   Decrease Java thread stack sizes (-Xss)
#   Set larger code cache with -XX:ReservedCodeCacheSize=
#   JVM is running with Unscaled Compressed Oops mode in which the Java heap is
#     placed in the first 4GB address space. The Java Heap base address is the
#     maximum limit for the native heap growth. Please use -XX:HeapBaseMinAddress
#     to set the Java Heap base and to place the Java Heap above 4GB virtual address.
# This output file may be truncated or incomplete.
#
#  Out of Memory Error (c:/cygwin64/tmp/openjdk-jdk11u-windows-x64-hotspot/workspace/build/src/src/hotspot/share/memory/arena.cpp:197), pid=16108, tid=16908
#
# JRE version: OpenJDK Runtime Environment (11.0.6+10) (build 11.0.6+10)
# Java VM: OpenJDK 64-Bit Server VM (11.0.6+10, mixed mode, tiered, compressed oops, g1 gc, windows-amd64)
# No core dump will be written. Minidumps are not enabled by default on client versions of Windows
#

---------------  S U M M A R Y ------------

Command Line: -Dclassworlds.conf=C:\Program Files\TMCBeans\java\maven\bin\m2.conf -Dmaven.home=C:\Program Files\TMCBeans\java\maven -Dmaven.multiModuleProjectDirectory=C:\Users\Saku\Documents\NetBeansProjects\mooc-wepa-s20\osa02-Osa02_11.HelloIndividualPages org.codehaus.plexus.classworlds.launcher.Launcher -Dexec.args=-classpath %classpath helloindividualpages.HelloIndividualPagesApplication -Dexec.executable=C:\Program Files\AdoptOpenJDK\jdk-11.0.6.10-hotspot\bin\java.exe -Dfile.encoding=UTF-8 -T=1 -q spring-boot:run

Host: Intel(R) Core(TM) i5-6200U CPU @ 2.30GHz, 4 cores, 7G,  Windows 10 , 64 bit Build 18362 (10.0.18362.959)
Time: Mon Nov  9 20:28:43 2020 Suomen normaaliaika elapsed time: 1 seconds (0d 0h 0m 1s)

---------------  T H R E A D  ---------------

Current thread (0x000002c7e6b0c000):  JavaThread "main" [_thread_in_vm, id=16908, stack(0x000000e899e00000,0x000000e899f00000)]

Stack: [0x000000e899e00000,0x000000e899f00000]
Native frames: (J=compiled Java code, j=interpreted, Vv=VM code, C=native code)
V  [jvm.dll+0x5db25a]
V  [jvm.dll+0x7111de]
V  [jvm.dll+0x712877]
V  [jvm.dll+0x712f43]
V  [jvm.dll+0x23fe78]
V  [jvm.dll+0xb8f0c]
V  [jvm.dll+0xb949c]
V  [jvm.dll+0x1c89fd]
V  [jvm.dll+0x1c7bd3]
V  [jvm.dll+0x6ac5de]
V  [jvm.dll+0x6ad9b1]
V  [jvm.dll+0x6adbe3]
V  [jvm.dll+0x2393ce]
V  [jvm.dll+0x35b637]
C  0x000002c7f096f01d

Java frames: (J=compiled Java code, j=interpreted, Vv=VM code)
j  jdk.internal.org.objectweb.asm.ClassWriter.visitMethod(ILjava/lang/String;Ljava/lang/String;Ljava/lang/String;[Ljava/lang/String;)Ljdk/internal/org/objectweb/asm/MethodVisitor;+0 java.base@11.0.6
j  java.lang.invoke.InnerClassLambdaMetafactory.generateConstructor()V+16 java.base@11.0.6
j  java.lang.invoke.InnerClassLambdaMetafactory.spinInnerClass()Ljava/lang/Class;+257 java.base@11.0.6
j  java.lang.invoke.InnerClassLambdaMetafactory.buildCallSite()Ljava/lang/invoke/CallSite;+1 java.base@11.0.6
j  java.lang.invoke.LambdaMetafactory.metafactory(Ljava/lang/invoke/MethodHandles$Lookup;Ljava/lang/String;Ljava/lang/invoke/MethodType;Ljava/lang/invoke/MethodType;Ljava/lang/invoke/MethodHandle;Ljava/lang/invoke/MethodType;)Ljava/lang/invoke/CallSite;+31 java.base@11.0.6
j  java.lang.invoke.DirectMethodHandle$Holder.invokeStatic(Ljava/lang/Object;Ljava/lang/Object;Ljava/lang/Object;Ljava/lang/Object;Ljava/lang/Object;Ljava/lang/Object;Ljava/lang/Object;)Ljava/lang/Object;+20 java.base@11.0.6
j  java.lang.invoke.Invokers$Holder.invokeExact_MT(Ljava/lang/Object;Ljava/lang/Object;Ljava/lang/Object;Ljava/lang/Object;Ljava/lang/Object;Ljava/lang/Object;Ljava/lang/Object;Ljava/lang/Object;)Ljava/lang/Object;+28 java.base@11.0.6
j  java.lang.invoke.BootstrapMethodInvoker.invoke(Ljava/lang/Class;Ljava/lang/invoke/MethodHandle;Ljava/lang/String;Ljava/lang/Object;Ljava/lang/Object;Ljava/lang/Class;)Ljava/lang/Object;+262 java.base@11.0.6
j  java.lang.invoke.CallSite.makeSite(Ljava/lang/invoke/MethodHandle;Ljava/lang/String;Ljava/lang/invoke/MethodType;Ljava/lang/Object;Ljava/lang/Class;)Ljava/lang/invoke/CallSite;+8 java.base@11.0.6
j  java.lang.invoke.MethodHandleNatives.linkCallSiteImpl(Ljava/lang/Class;Ljava/lang/invoke/MethodHandle;Ljava/lang/String;Ljava/lang/invoke/MethodType;Ljava/lang/Object;[Ljava/lang/Object;)Ljava/lang/invoke/MemberName;+6 java.base@11.0.6
j  java.lang.invoke.MethodHandleNatives.linkCallSite(Ljava/lang/Object;ILjava/lang/Object;Ljava/lang/Object;Ljava/lang/Object;Ljava/lang/Object;[Ljava/lang/Object;)Ljava/lang/invoke/MemberName;+46 java.base@11.0.6
v  ~StubRoutines::call_stub
j  java.util.regex.Pattern.Single(I)Ljava/util/regex/Pattern$BmpCharPredicate;+1 java.base@11.0.6
j  java.util.regex.Pattern.single(I)Ljava/util/regex/Pattern$CharPredicate;+78 java.base@11.0.6
j  java.util.regex.Pattern.atom()Ljava/util/regex/Pattern$Node;+404 java.base@11.0.6
j  java.util.regex.Pattern.sequence(Ljava/util/regex/Pattern$Node;)Ljava/util/regex/Pattern$Node;+590 java.base@11.0.6
j  java.util.regex.Pattern.expr(Ljava/util/regex/Pattern$Node;)Ljava/util/regex/Pattern$Node;+12 java.base@11.0.6
j  java.util.regex.Pattern.compile()V+222 java.base@11.0.6
j  java.util.regex.Pattern.<init>(Ljava/lang/String;I)V+108 java.base@11.0.6
j  java.util.regex.Pattern.compile(Ljava/lang/String;)Ljava/util/regex/Pattern;+6 java.base@11.0.6
j  java.util.Formatter.<clinit>()V+2 java.base@11.0.6
v  ~StubRoutines::call_stub
j  java.lang.String.format(Ljava/lang/String;[Ljava/lang/Object;)Ljava/lang/String;+0 java.base@11.0.6
j  org.apache.maven.cli.CLIReportingUtils.formatTimestamp(J)Ljava/lang/String;+120
j  org.apache.maven.cli.CLIReportingUtils.createMavenVersionString(Ljava/util/Properties;)Ljava/lang/String;+164
j  org.apache.maven.cli.MavenCli.populateProperties(Lorg/apache/commons/cli/CommandLine;Ljava/util/Properties;Ljava/util/Properties;)V+89
j  org.apache.maven.cli.MavenCli.properties(Lorg/apache/maven/cli/CliRequest;)V+12
j  org.apache.maven.cli.MavenCli.doMain(Lorg/apache/maven/cli/CliRequest;)I+24
j  org.apache.maven.cli.MavenCli.main([Ljava/lang/String;Lorg/codehaus/plexus/classworlds/ClassWorld;)I+18
v  ~StubRoutines::call_stub
j  jdk.internal.reflect.NativeMethodAccessorImpl.invoke0(Ljava/lang/reflect/Method;Ljava/lang/Object;[Ljava/lang/Object;)Ljava/lang/Object;+0 java.base@11.0.6
j  jdk.internal.reflect.NativeMethodAccessorImpl.invoke(Ljava/lang/Object;[Ljava/lang/Object;)Ljava/lang/Object;+100 java.base@11.0.6
j  jdk.internal.reflect.DelegatingMethodAccessorImpl.invoke(Ljava/lang/Object;[Ljava/lang/Object;)Ljava/lang/Object;+6 java.base@11.0.6
j  java.lang.reflect.Method.invoke(Ljava/lang/Object;[Ljava/lang/Object;)Ljava/lang/Object;+59 java.base@11.0.6
j  org.codehaus.plexus.classworlds.launcher.Launcher.launchEnhanced([Ljava/lang/String;)V+45
j  org.codehaus.plexus.classworlds.launcher.Launcher.launch([Ljava/lang/String;)V+2
j  org.codehaus.plexus.classworlds.launcher.Launcher.mainWithExitCode([Ljava/lang/String;)I+101
j  org.codehaus.plexus.classworlds.launcher.Launcher.main([Ljava/lang/String;)V+1
v  ~StubRoutines::call_stub

---------------  P R O C E S S  ---------------

Threads class SMR info:
_java_thread_list=0x000002c787c05d80, length=10, elements={
0x000002c7e6b0c000, 0x000002c787137800, 0x000002c78713a000, 0x000002c787150800,
0x000002c787151800, 0x000002c787154000, 0x000002c787158800, 0x000002c78715b000,
0x000002c787c10800, 0x000002c787c16800
}

Java Threads: ( => current thread )
=>0x000002c7e6b0c000 JavaThread "main" [_thread_in_vm, id=16908, stack(0x000000e899e00000,0x000000e899f00000)]
  0x000002c787137800 JavaThread "Reference Handler" daemon [_thread_blocked, id=21324, stack(0x000000e89a500000,0x000000e89a600000)]
  0x000002c78713a000 JavaThread "Finalizer" daemon [_thread_blocked, id=21056, stack(0x000000e89a600000,0x000000e89a700000)]
  0x000002c787150800 JavaThread "Signal Dispatcher" daemon [_thread_blocked, id=5732, stack(0x000000e89a700000,0x000000e89a800000)]
  0x000002c787151800 JavaThread "Attach Listener" daemon [_thread_blocked, id=7392, stack(0x000000e89a800000,0x000000e89a900000)]
  0x000002c787154000 JavaThread "C2 CompilerThread0" daemon [_thread_blocked, id=3192, stack(0x000000e89a900000,0x000000e89aa00000)]
  0x000002c787158800 JavaThread "C1 CompilerThread0" daemon [_thread_blocked, id=15820, stack(0x000000e89aa00000,0x000000e89ab00000)]
  0x000002c78715b000 JavaThread "Sweeper thread" daemon [_thread_blocked, id=13796, stack(0x000000e89ab00000,0x000000e89ac00000)]
  0x000002c787c10800 JavaThread "Service Thread" daemon [_thread_blocked, id=23584, stack(0x000000e89ac00000,0x000000e89ad00000)]
  0x000002c787c16800 JavaThread "Common-Cleaner" daemon [_thread_blocked, id=20392, stack(0x000000e89ae00000,0x000000e89af00000)]

Other Threads:
  0x000002c787110000 VMThread "VM Thread" [stack: 0x000000e89a400000,0x000000e89a500000] [id=22604]
  0x000002c787c12000 WatcherThread [stack: 0x000000e89ad00000,0x000000e89ae00000] [id=13740]
  0x000002c7e6b26000 GCTaskThread "GC Thread#0" [stack: 0x000000e899f00000,0x000000e89a000000] [id=22952]
  0x000002c787f2b800 GCTaskThread "GC Thread#1" [stack: 0x000000e89af00000,0x000000e89b000000] [id=18560]
  0x000002c787f2c800 GCTaskThread "GC Thread#2" [stack: 0x000000e89b000000,0x000000e89b100000] [id=21120]
  0x000002c7e6b55800 ConcurrentGCThread "G1 Main Marker" [stack: 0x000000e89a000000,0x000000e89a100000] [id=13172]
  0x000002c7e6b57000 ConcurrentGCThread "G1 Conc#0" [stack: 0x000000e89a100000,0x000000e89a200000] [id=6356]
  0x000002c7e6bd9800 ConcurrentGCThread "G1 Refine#0" [stack: 0x000000e89a200000,0x000000e89a300000] [id=14772]
  0x000002c786f81800 ConcurrentGCThread "G1 Young RemSet Sampling" [stack: 0x000000e89a300000,0x000000e89a400000] [id=20232]

Threads with active compile tasks:

VM state:not at safepoint (normal execution)

VM Mutex/Monitor currently owned by a thread: None

Heap address: 0x0000000081c00000, size: 2020 MB, Compressed Oops mode: 32-bit
Narrow klass base: 0x0000000000000000, Narrow klass shift: 3
Compressed class space size: 1073741824 Address: 0x0000000100000000

Heap:
 garbage-first heap   total 131072K, used 1936K [0x0000000081c00000, 0x0000000100000000)
  region size 1024K, 3 young (3072K), 2 survivors (2048K)
 Metaspace       used 6725K, capacity 6908K, committed 7168K, reserved 1069056K
  class space    used 590K, capacity 664K, committed 768K, reserved 1048576K
Heap Regions: E=young(eden), S=young(survivor), O=old, HS=humongous(starts), HC=humongous(continues), CS=collection set, F=free, A=archive, TAMS=top-at-mark-start (previous, next)
|   0|0x0000000081c00000, 0x0000000081c00000, 0x0000000081d00000|  0%| F|  |TAMS 0x0000000081c00000, 0x0000000081c00000| Untracked 
|   1|0x0000000081d00000, 0x0000000081d00000, 0x0000000081e00000|  0%| F|  |TAMS 0x0000000081d00000, 0x0000000081d00000| Untracked 
|   2|0x0000000081e00000, 0x0000000081e00000, 0x0000000081f00000|  0%| F|  |TAMS 0x0000000081e00000, 0x0000000081e00000| Untracked 
|   3|0x0000000081f00000, 0x0000000081f00000, 0x0000000082000000|  0%| F|  |TAMS 0x0000000081f00000, 0x0000000081f00000| Untracked 
|   4|0x0000000082000000, 0x0000000082000000, 0x0000000082100000|  0%| F|  |TAMS 0x0000000082000000, 0x0000000082000000| Untracked 
|   5|0x0000000082100000, 0x0000000082100000, 0x0000000082200000|  0%| F|  |TAMS 0x0000000082100000, 0x0000000082100000| Untracked 
|   6|0x0000000082200000, 0x0000000082200000, 0x0000000082300000|  0%| F|  |TAMS 0x0000000082200000, 0x0000000082200000| Untracked 
|   7|0x0000000082300000, 0x0000000082300000, 0x0000000082400000|  0%| F|  |TAMS 0x0000000082300000, 0x0000000082300000| Untracked 
|   8|0x0000000082400000, 0x0000000082400000, 0x0000000082500000|  0%| F|  |TAMS 0x0000000082400000, 0x0000000082400000| Untracked 
|   9|0x0000000082500000, 0x0000000082500000, 0x0000000082600000|  0%| F|  |TAMS 0x0000000082500000, 0x0000000082500000| Untracked 
|  10|0x0000000082600000, 0x0000000082600000, 0x0000000082700000|  0%| F|  |TAMS 0x0000000082600000, 0x0000000082600000| Untracked 
|  11|0x0000000082700000, 0x0000000082700000, 0x0000000082800000|  0%| F|  |TAMS 0x0000000082700000, 0x0000000082700000| Untracked 
|  12|0x0000000082800000, 0x0000000082800000, 0x0000000082900000|  0%| F|  |TAMS 0x0000000082800000, 0x0000000082800000| Untracked 
|  13|0x0000000082900000, 0x0000000082900000, 0x0000000082a00000|  0%| F|  |TAMS 0x0000000082900000, 0x0000000082900000| Untracked 
|  14|0x0000000082a00000, 0x0000000082a00000, 0x0000000082b00000|  0%| F|  |TAMS 0x0000000082a00000, 0x0000000082a00000| Untracked 
|  15|0x0000000082b00000, 0x0000000082b00000, 0x0000000082c00000|  0%| F|  |TAMS 0x0000000082b00000, 0x0000000082b00000| Untracked 
|  16|0x0000000082c00000, 0x0000000082c00000, 0x0000000082d00000|  0%| F|  |TAMS 0x0000000082c00000, 0x0000000082c00000| Untracked 
|  17|0x0000000082d00000, 0x0000000082d00000, 0x0000000082e00000|  0%| F|  |TAMS 0x0000000082d00000, 0x0000000082d00000| Untracked 
|  18|0x0000000082e00000, 0x0000000082e00000, 0x0000000082f00000|  0%| F|  |TAMS 0x0000000082e00000, 0x0000000082e00000| Untracked 
|  19|0x0000000082f00000, 0x0000000082f00000, 0x0000000083000000|  0%| F|  |TAMS 0x0000000082f00000, 0x0000000082f00000| Untracked 
|  20|0x0000000083000000, 0x0000000083000000, 0x0000000083100000|  0%| F|  |TAMS 0x0000000083000000, 0x0000000083000000| Untracked 
|  21|0x0000000083100000, 0x0000000083100000, 0x0000000083200000|  0%| F|  |TAMS 0x0000000083100000, 0x0000000083100000| Untracked 
|  22|0x0000000083200000, 0x0000000083200000, 0x0000000083300000|  0%| F|  |TAMS 0x0000000083200000, 0x0000000083200000| Untracked 
|  23|0x0000000083300000, 0x0000000083300000, 0x0000000083400000|  0%| F|  |TAMS 0x0000000083300000, 0x0000000083300000| Untracked 
|  24|0x0000000083400000, 0x0000000083400000, 0x0000000083500000|  0%| F|  |TAMS 0x0000000083400000, 0x0000000083400000| Untracked 
|  25|0x0000000083500000, 0x0000000083500000, 0x0000000083600000|  0%| F|  |TAMS 0x0000000083500000, 0x0000000083500000| Untracked 
|  26|0x0000000083600000, 0x0000000083600000, 0x0000000083700000|  0%| F|  |TAMS 0x0000000083600000, 0x0000000083600000| Untracked 
|  27|0x0000000083700000, 0x0000000083700000, 0x0000000083800000|  0%| F|  |TAMS 0x0000000083700000, 0x0000000083700000| Untracked 
|  28|0x0000000083800000, 0x0000000083800000, 0x0000000083900000|  0%| F|  |TAMS 0x0000000083800000, 0x0000000083800000| Untracked 
|  29|0x0000000083900000, 0x0000000083900000, 0x0000000083a00000|  0%| F|  |TAMS 0x0000000083900000, 0x0000000083900000| Untracked 
|  30|0x0000000083a00000, 0x0000000083a00000, 0x0000000083b00000|  0%| F|  |TAMS 0x0000000083a00000, 0x0000000083a00000| Untracked 
|  31|0x0000000083b00000, 0x0000000083b00000, 0x0000000083c00000|  0%| F|  |TAMS 0x0000000083b00000, 0x0000000083b00000| Untracked 
|  32|0x0000000083c00000, 0x0000000083c00000, 0x0000000083d00000|  0%| F|  |TAMS 0x0000000083c00000, 0x0000000083c00000| Untracked 
|  33|0x0000000083d00000, 0x0000000083d00000, 0x0000000083e00000|  0%| F|  |TAMS 0x0000000083d00000, 0x0000000083d00000| Untracked 
|  34|0x0000000083e00000, 0x0000000083e00000, 0x0000000083f00000|  0%| F|  |TAMS 0x0000000083e00000, 0x0000000083e00000| Untracked 
|  35|0x0000000083f00000, 0x0000000083f00000, 0x0000000084000000|  0%| F|  |TAMS 0x0000000083f00000, 0x0000000083f00000| Untracked 
|  36|0x0000000084000000, 0x0000000084000000, 0x0000000084100000|  0%| F|  |TAMS 0x0000000084000000, 0x0000000084000000| Untracked 
|  37|0x0000000084100000, 0x0000000084100000, 0x0000000084200000|  0%| F|  |TAMS 0x0000000084100000, 0x0000000084100000| Untracked 
|  38|0x0000000084200000, 0x0000000084200000, 0x0000000084300000|  0%| F|  |TAMS 0x0000000084200000, 0x0000000084200000| Untracked 
|  39|0x0000000084300000, 0x0000000084300000, 0x0000000084400000|  0%| F|  |TAMS 0x0000000084300000, 0x0000000084300000| Untracked 
|  40|0x0000000084400000, 0x0000000084400000, 0x0000000084500000|  0%| F|  |TAMS 0x0000000084400000, 0x0000000084400000| Untracked 
|  41|0x0000000084500000, 0x0000000084500000, 0x0000000084600000|  0%| F|  |TAMS 0x0000000084500000, 0x0000000084500000| Untracked 
|  42|0x0000000084600000, 0x0000000084600000, 0x0000000084700000|  0%| F|  |TAMS 0x0000000084600000, 0x0000000084600000| Untracked 
|  43|0x0000000084700000, 0x0000000084700000, 0x0000000084800000|  0%| F|  |TAMS 0x0000000084700000, 0x0000000084700000| Untracked 
|  44|0x0000000084800000, 0x0000000084800000, 0x0000000084900000|  0%| F|  |TAMS 0x0000000084800000, 0x0000000084800000| Untracked 
|  45|0x0000000084900000, 0x0000000084900000, 0x0000000084a00000|  0%| F|  |TAMS 0x0000000084900000, 0x0000000084900000| Untracked 
|  46|0x0000000084a00000, 0x0000000084a00000, 0x0000000084b00000|  0%| F|  |TAMS 0x0000000084a00000, 0x0000000084a00000| Untracked 
|  47|0x0000000084b00000, 0x0000000084b00000, 0x0000000084c00000|  0%| F|  |TAMS 0x0000000084b00000, 0x0000000084b00000| Untracked 
|  48|0x0000000084c00000, 0x0000000084c00000, 0x0000000084d00000|  0%| F|  |TAMS 0x0000000084c00000, 0x0000000084c00000| Untracked 
|  49|0x0000000084d00000, 0x0000000084d00000, 0x0000000084e00000|  0%| F|  |TAMS 0x0000000084d00000, 0x0000000084d00000| Untracked 
|  50|0x0000000084e00000, 0x0000000084e00000, 0x0000000084f00000|  0%| F|  |TAMS 0x0000000084e00000, 0x0000000084e00000| Untracked 
|  51|0x0000000084f00000, 0x0000000084f00000, 0x0000000085000000|  0%| F|  |TAMS 0x0000000084f00000, 0x0000000084f00000| Untracked 
|  52|0x0000000085000000, 0x0000000085000000, 0x0000000085100000|  0%| F|  |TAMS 0x0000000085000000, 0x0000000085000000| Untracked 
|  53|0x0000000085100000, 0x0000000085100000, 0x0000000085200000|  0%| F|  |TAMS 0x0000000085100000, 0x0000000085100000| Untracked 
|  54|0x0000000085200000, 0x0000000085200000, 0x0000000085300000|  0%| F|  |TAMS 0x0000000085200000, 0x0000000085200000| Untracked 
|  55|0x0000000085300000, 0x0000000085300000, 0x0000000085400000|  0%| F|  |TAMS 0x0000000085300000, 0x0000000085300000| Untracked 
|  56|0x0000000085400000, 0x0000000085400000, 0x0000000085500000|  0%| F|  |TAMS 0x0000000085400000, 0x0000000085400000| Untracked 
|  57|0x0000000085500000, 0x0000000085500000, 0x0000000085600000|  0%| F|  |TAMS 0x0000000085500000, 0x0000000085500000| Untracked 
|  58|0x0000000085600000, 0x0000000085600000, 0x0000000085700000|  0%| F|  |TAMS 0x0000000085600000, 0x0000000085600000| Untracked 
|  59|0x0000000085700000, 0x0000000085700000, 0x0000000085800000|  0%| F|  |TAMS 0x0000000085700000, 0x0000000085700000| Untracked 
|  60|0x0000000085800000, 0x0000000085800000, 0x0000000085900000|  0%| F|  |TAMS 0x0000000085800000, 0x0000000085800000| Untracked 
|  61|0x0000000085900000, 0x0000000085900000, 0x0000000085a00000|  0%| F|  |TAMS 0x0000000085900000, 0x0000000085900000| Untracked 
|  62|0x0000000085a00000, 0x0000000085a00000, 0x0000000085b00000|  0%| F|  |TAMS 0x0000000085a00000, 0x0000000085a00000| Untracked 
|  63|0x0000000085b00000, 0x0000000085b00000, 0x0000000085c00000|  0%| F|  |TAMS 0x0000000085b00000, 0x0000000085b00000| Untracked 
|  64|0x0000000085c00000, 0x0000000085c00000, 0x0000000085d00000|  0%| F|  |TAMS 0x0000000085c00000, 0x0000000085c00000| Untracked 
|  65|0x0000000085d00000, 0x0000000085d00000, 0x0000000085e00000|  0%| F|  |TAMS 0x0000000085d00000, 0x0000000085d00000| Untracked 
|  66|0x0000000085e00000, 0x0000000085e00000, 0x0000000085f00000|  0%| F|  |TAMS 0x0000000085e00000, 0x0000000085e00000| Untracked 
|  67|0x0000000085f00000, 0x0000000085f00000, 0x0000000086000000|  0%| F|  |TAMS 0x0000000085f00000, 0x0000000085f00000| Untracked 
|  68|0x0000000086000000, 0x0000000086000000, 0x0000000086100000|  0%| F|  |TAMS 0x0000000086000000, 0x0000000086000000| Untracked 
|  69|0x0000000086100000, 0x0000000086100000, 0x0000000086200000|  0%| F|  |TAMS 0x0000000086100000, 0x0000000086100000| Untracked 
|  70|0x0000000086200000, 0x0000000086200000, 0x0000000086300000|  0%| F|  |TAMS 0x0000000086200000, 0x0000000086200000| Untracked 
|  71|0x0000000086300000, 0x0000000086300000, 0x0000000086400000|  0%| F|  |TAMS 0x0000000086300000, 0x0000000086300000| Untracked 
|  72|0x0000000086400000, 0x0000000086400000, 0x0000000086500000|  0%| F|  |TAMS 0x0000000086400000, 0x0000000086400000| Untracked 
|  73|0x0000000086500000, 0x0000000086500000, 0x0000000086600000|  0%| F|  |TAMS 0x0000000086500000, 0x0000000086500000| Untracked 
|  74|0x0000000086600000, 0x0000000086600000, 0x0000000086700000|  0%| F|  |TAMS 0x0000000086600000, 0x0000000086600000| Untracked 
|  75|0x0000000086700000, 0x0000000086700000, 0x0000000086800000|  0%| F|  |TAMS 0x0000000086700000, 0x0000000086700000| Untracked 
|  76|0x0000000086800000, 0x0000000086800000, 0x0000000086900000|  0%| F|  |TAMS 0x0000000086800000, 0x0000000086800000| Untracked 
|  77|0x0000000086900000, 0x0000000086900000, 0x0000000086a00000|  0%| F|  |TAMS 0x0000000086900000, 0x0000000086900000| Untracked 
|  78|0x0000000086a00000, 0x0000000086a00000, 0x0000000086b00000|  0%| F|  |TAMS 0x0000000086a00000, 0x0000000086a00000| Untracked 
|  79|0x0000000086b00000, 0x0000000086b00000, 0x0000000086c00000|  0%| F|  |TAMS 0x0000000086b00000, 0x0000000086b00000| Untracked 
|  80|0x0000000086c00000, 0x0000000086c00000, 0x0000000086d00000|  0%| F|  |TAMS 0x0000000086c00000, 0x0000000086c00000| Untracked 
|  81|0x0000000086d00000, 0x0000000086d00000, 0x0000000086e00000|  0%| F|  |TAMS 0x0000000086d00000, 0x0000000086d00000| Untracked 
|  82|0x0000000086e00000, 0x0000000086e00000, 0x0000000086f00000|  0%| F|  |TAMS 0x0000000086e00000, 0x0000000086e00000| Untracked 
|  83|0x0000000086f00000, 0x0000000086f00000, 0x0000000087000000|  0%| F|  |TAMS 0x0000000086f00000, 0x0000000086f00000| Untracked 
|  84|0x0000000087000000, 0x0000000087000000, 0x0000000087100000|  0%| F|  |TAMS 0x0000000087000000, 0x0000000087000000| Untracked 
|  85|0x0000000087100000, 0x0000000087100000, 0x0000000087200000|  0%| F|  |TAMS 0x0000000087100000, 0x0000000087100000| Untracked 
|  86|0x0000000087200000, 0x0000000087200000, 0x0000000087300000|  0%| F|  |TAMS 0x0000000087200000, 0x0000000087200000| Untracked 
|  87|0x0000000087300000, 0x0000000087300000, 0x0000000087400000|  0%| F|  |TAMS 0x0000000087300000, 0x0000000087300000| Untracked 
|  88|0x0000000087400000, 0x0000000087400000, 0x0000000087500000|  0%| F|  |TAMS 0x0000000087400000, 0x0000000087400000| Untracked 
|  89|0x0000000087500000, 0x0000000087500000, 0x0000000087600000|  0%| F|  |TAMS 0x0000000087500000, 0x0000000087500000| Untracked 
|  90|0x0000000087600000, 0x0000000087600000, 0x0000000087700000|  0%| F|  |TAMS 0x0000000087600000, 0x0000000087600000| Untracked 
|  91|0x0000000087700000, 0x0000000087700000, 0x0000000087800000|  0%| F|  |TAMS 0x0000000087700000, 0x0000000087700000| Untracked 
|  92|0x0000000087800000, 0x0000000087800000, 0x0000000087900000|  0%| F|  |TAMS 0x0000000087800000, 0x0000000087800000| Untracked 
|  93|0x0000000087900000, 0x0000000087900000, 0x0000000087a00000|  0%| F|  |TAMS 0x0000000087900000, 0x0000000087900000| Untracked 
|  94|0x0000000087a00000, 0x0000000087a00000, 0x0000000087b00000|  0%| F|  |TAMS 0x0000000087a00000, 0x0000000087a00000| Untracked 
|  95|0x0000000087b00000, 0x0000000087b00000, 0x0000000087c00000|  0%| F|  |TAMS 0x0000000087b00000, 0x0000000087b00000| Untracked 
|  96|0x0000000087c00000, 0x0000000087c00000, 0x0000000087d00000|  0%| F|  |TAMS 0x0000000087c00000, 0x0000000087c00000| Untracked 
|  97|0x0000000087d00000, 0x0000000087d00000, 0x0000000087e00000|  0%| F|  |TAMS 0x0000000087d00000, 0x0000000087d00000| Untracked 
|  98|0x0000000087e00000, 0x0000000087e00000, 0x0000000087f00000|  0%| F|  |TAMS 0x0000000087e00000, 0x0000000087e00000| Untracked 
|  99|0x0000000087f00000, 0x0000000087f00000, 0x0000000088000000|  0%| F|  |TAMS 0x0000000087f00000, 0x0000000087f00000| Untracked 
| 100|0x0000000088000000, 0x0000000088000000, 0x0000000088100000|  0%| F|  |TAMS 0x0000000088000000, 0x0000000088000000| Untracked 
| 101|0x0000000088100000, 0x0000000088100000, 0x0000000088200000|  0%| F|  |TAMS 0x0000000088100000, 0x0000000088100000| Untracked 
| 102|0x0000000088200000, 0x0000000088200000, 0x0000000088300000|  0%| F|  |TAMS 0x0000000088200000, 0x0000000088200000| Untracked 
| 103|0x0000000088300000, 0x0000000088300000, 0x0000000088400000|  0%| F|  |TAMS 0x0000000088300000, 0x0000000088300000| Untracked 
| 104|0x0000000088400000, 0x0000000088400000, 0x0000000088500000|  0%| F|  |TAMS 0x0000000088400000, 0x0000000088400000| Untracked 
| 105|0x0000000088500000, 0x0000000088500000, 0x0000000088600000|  0%| F|  |TAMS 0x0000000088500000, 0x0000000088500000| Untracked 
| 106|0x0000000088600000, 0x0000000088600000, 0x0000000088700000|  0%| F|  |TAMS 0x0000000088600000, 0x0000000088600000| Untracked 
| 107|0x0000000088700000, 0x0000000088700000, 0x0000000088800000|  0%| F|  |TAMS 0x0000000088700000, 0x0000000088700000| Untracked 
| 108|0x0000000088800000, 0x0000000088800000, 0x0000000088900000|  0%| F|  |TAMS 0x0000000088800000, 0x0000000088800000| Untracked 
| 109|0x0000000088900000, 0x0000000088900000, 0x0000000088a00000|  0%| F|  |TAMS 0x0000000088900000, 0x0000000088900000| Untracked 
| 110|0x0000000088a00000, 0x0000000088a00000, 0x0000000088b00000|  0%| F|  |TAMS 0x0000000088a00000, 0x0000000088a00000| Untracked 
| 111|0x0000000088b00000, 0x0000000088b00000, 0x0000000088c00000|  0%| F|  |TAMS 0x0000000088b00000, 0x0000000088b00000| Untracked 
| 112|0x0000000088c00000, 0x0000000088c00000, 0x0000000088d00000|  0%| F|  |TAMS 0x0000000088c00000, 0x0000000088c00000| Untracked 
| 113|0x0000000088d00000, 0x0000000088d00000, 0x0000000088e00000|  0%| F|  |TAMS 0x0000000088d00000, 0x0000000088d00000| Untracked 
| 114|0x0000000088e00000, 0x0000000088e00000, 0x0000000088f00000|  0%| F|  |TAMS 0x0000000088e00000, 0x0000000088e00000| Untracked 
| 115|0x0000000088f00000, 0x0000000088f00000, 0x0000000089000000|  0%| F|  |TAMS 0x0000000088f00000, 0x0000000088f00000| Untracked 
| 116|0x0000000089000000, 0x0000000089000000, 0x0000000089100000|  0%| F|  |TAMS 0x0000000089000000, 0x0000000089000000| Untracked 
| 117|0x0000000089100000, 0x0000000089100000, 0x0000000089200000|  0%| F|  |TAMS 0x0000000089100000, 0x0000000089100000| Untracked 
| 118|0x0000000089200000, 0x0000000089200000, 0x0000000089300000|  0%| F|  |TAMS 0x0000000089200000, 0x0000000089200000| Untracked 
| 119|0x0000000089300000, 0x0000000089300000, 0x0000000089400000|  0%| F|  |TAMS 0x0000000089300000, 0x0000000089300000| Untracked 
| 120|0x0000000089400000, 0x0000000089400000, 0x0000000089500000|  0%| F|  |TAMS 0x0000000089400000, 0x0000000089400000| Untracked 
| 121|0x0000000089500000, 0x00000000895e41f0, 0x0000000089600000| 89%| S|CS|TAMS 0x0000000089500000, 0x0000000089500000| Complete 
| 122|0x0000000089600000, 0x0000000089700000, 0x0000000089700000|100%| S|CS|TAMS 0x0000000089600000, 0x0000000089600000| Complete 
| 123|0x0000000089700000, 0x0000000089700000, 0x0000000089800000|  0%| F|  |TAMS 0x0000000089700000, 0x0000000089700000| Untracked 
| 124|0x0000000089800000, 0x0000000089800000, 0x0000000089900000|  0%| F|  |TAMS 0x0000000089800000, 0x0000000089800000| Untracked 
| 125|0x0000000089900000, 0x0000000089900000, 0x0000000089a00000|  0%| F|  |TAMS 0x0000000089900000, 0x0000000089900000| Untracked 
| 126|0x0000000089a00000, 0x0000000089a00000, 0x0000000089b00000|  0%| F|  |TAMS 0x0000000089a00000, 0x0000000089a00000| Untracked 
| 127|0x0000000089b00000, 0x0000000089b80000, 0x0000000089c00000| 50%| E|  |TAMS 0x0000000089b00000, 0x0000000089b00000| Complete 

Card table byte_map: [0x000002c780400000,0x000002c780800000] _byte_map_base: 0x000002c77fff2000

Marking Bits (Prev, Next): (CMBitMap*) 0x000002c7e6b4caa0, (CMBitMap*) 0x000002c7e6b4ca68
 Prev Bits: [0x000002c782b90000, 0x000002c784b20000)
 Next Bits: [0x000002c780c00000, 0x000002c782b90000)

Polling page: 0x000002c7e6be0000

Metaspace:

Usage:
  Non-class:      6.10 MB capacity,     5.99 MB ( 98%) used,   106.55 KB (  2%) free+waste,     2.69 KB ( <1%) overhead. 
      Class:    664.00 KB capacity,   590.34 KB ( 89%) used,    72.34 KB ( 11%) free+waste,     1.31 KB ( <1%) overhead. 
       Both:      6.75 MB capacity,     6.57 MB ( 97%) used,   178.90 KB (  3%) free+waste,     4.00 KB ( <1%) overhead. 

Virtual space:
  Non-class space:       20.00 MB reserved,       6.25 MB ( 31%) committed 
      Class space:        1.00 GB reserved,     768.00 KB ( <1%) committed 
             Both:        1.02 GB reserved,       7.00 MB ( <1%) committed 

Chunk freelists:
   Non-Class:  28.00 KB
       Class:  8.00 KB
        Both:  36.00 KB

MaxMetaspaceSize: 17179869184.00 GB
CompressedClassSpaceSize: 1.00 GB

CodeHeap 'non-profiled nmethods': size=120064Kb used=101Kb max_used=101Kb free=119962Kb
 bounds [0x000002c7f8410000, 0x000002c7f8680000, 0x000002c7ff950000]
CodeHeap 'profiled nmethods': size=120000Kb used=650Kb max_used=650Kb free=119349Kb
 bounds [0x000002c7f0ee0000, 0x000002c7f1150000, 0x000002c7f8410000]
CodeHeap 'non-nmethods': size=5696Kb used=1049Kb max_used=1049Kb free=4646Kb
 bounds [0x000002c7f0950000, 0x000002c7f0bc0000, 0x000002c7f0ee0000]
 total_blobs=1130 nmethods=408 adapters=245
 compilation: enabled
              stopped_count=0, restarted_count=0
 full_count=0

Compilation events (20 events):
Event: 1.294 Thread 0x000002c787158800  394       3       java.io.DataInputStream::readFully (63 bytes)
Event: 1.295 Thread 0x000002c787158800 nmethod 394 0x000002c7f0f7fb10 code [0x000002c7f0f7fd00, 0x000002c7f0f80170]
Event: 1.295 Thread 0x000002c787158800  393       3       java.io.DataInputStream::readUnsignedShort (39 bytes)
Event: 1.295 Thread 0x000002c787158800 nmethod 393 0x000002c7f0f80310 code [0x000002c7f0f80500, 0x000002c7f0f808b0]
Event: 1.296 Thread 0x000002c787158800  395       3       java.io.DataInputStream::readShort (40 bytes)
Event: 1.297 Thread 0x000002c787158800 nmethod 395 0x000002c7f0f80a10 code [0x000002c7f0f80c00, 0x000002c7f0f80fd0]
Event: 1.297 Thread 0x000002c787158800  396       3       java.io.DataInputStream::readFully (9 bytes)
Event: 1.297 Thread 0x000002c787158800 nmethod 396 0x000002c7f0f81110 code [0x000002c7f0f812c0, 0x000002c7f0f81470]
Event: 1.304 Thread 0x000002c787158800  397       3       java.util.zip.Checksum::update (11 bytes)
Event: 1.304 Thread 0x000002c787158800 nmethod 397 0x000002c7f0f81590 code [0x000002c7f0f81760, 0x000002c7f0f81990]
Event: 1.304 Thread 0x000002c787158800  398       3       java.util.zip.CRC32::update (51 bytes)
Event: 1.304 Thread 0x000002c787158800 nmethod 398 0x000002c7f0f81a90 code [0x000002c7f0f81c80, 0x000002c7f0f82110]
Event: 1.304 Thread 0x000002c787158800  399       3       java.util.zip.CRC32::updateBytes (14 bytes)
Event: 1.304 Thread 0x000002c787158800 nmethod 399 0x000002c7f0f82290 code [0x000002c7f0f82440, 0x000002c7f0f82610]
Event: 1.308 Thread 0x000002c787158800  400       3       java.lang.Long::<init> (10 bytes)
Event: 1.308 Thread 0x000002c787158800 nmethod 400 0x000002c7f0f82710 code [0x000002c7f0f828c0, 0x000002c7f0f82ad8]
Event: 1.324 Thread 0x000002c787158800  402       1       java.lang.Enum::ordinal (5 bytes)
Event: 1.324 Thread 0x000002c787158800 nmethod 402 0x000002c7f8428190 code [0x000002c7f8428340, 0x000002c7f8428458]
Event: 1.324 Thread 0x000002c787158800  403       1       java.lang.Class::getClassLoader0 (5 bytes)
Event: 1.324 Thread 0x000002c787158800 nmethod 403 0x000002c7f8428510 code [0x000002c7f84286c0, 0x000002c7f84287d8]

GC Heap History (2 events):
Event: 1.327 GC heap before
{Heap before GC invocations=0 (full 0):
 garbage-first heap   total 131072K, used 3072K [0x0000000081c00000, 0x0000000100000000)
  region size 1024K, 5 young (5120K), 0 survivors (0K)
 Metaspace       used 6628K, capacity 6780K, committed 6912K, reserved 1069056K
  class space    used 582K, capacity 664K, committed 768K, reserved 1048576K
}
Event: 1.332 GC heap after
{Heap after GC invocations=1 (full 0):
 garbage-first heap   total 131072K, used 1936K [0x0000000081c00000, 0x0000000100000000)
  region size 1024K, 2 young (2048K), 2 survivors (2048K)
 Metaspace       used 6628K, capacity 6780K, committed 6912K, reserved 1069056K
  class space    used 582K, capacity 664K, committed 768K, reserved 1048576K
}

Deoptimization events (14 events):
Event: 0.227 Thread 0x000002c7e6b0c000 Uncommon trap: trap_request=0xffffff4d fr.pc=0x000002c7f8414490 relative=0x00000000000001f0
Event: 0.227 Thread 0x000002c7e6b0c000 Uncommon trap: reason=unstable_if action=reinterpret pc=0x000002c7f8414490 method=java.lang.String.hashCode()I @ 14 c2
Event: 0.227 Thread 0x000002c7e6b0c000 DEOPT PACKING pc=0x000002c7f8414490 sp=0x000000e899efd3e0
Event: 0.227 Thread 0x000002c7e6b0c000 DEOPT UNPACKING pc=0x000002c7f0978f2f sp=0x000000e899efd378 mode 2
Event: 0.976 Thread 0x000002c7e6b0c000 DEOPT PACKING pc=0x000002c7f0f270b8 sp=0x000000e899ef80b0
Event: 0.976 Thread 0x000002c7e6b0c000 DEOPT UNPACKING pc=0x000002c7f0978d4e sp=0x000000e899ef7508 mode 0
Event: 0.995 Thread 0x000002c7e6b0c000 Uncommon trap: trap_request=0xffffff4d fr.pc=0x000002c7f841f280 relative=0x0000000000000060
Event: 0.995 Thread 0x000002c7e6b0c000 Uncommon trap: reason=unstable_if action=reinterpret pc=0x000002c7f841f280 method=java.io.WinNTFileSystem.isSlash(C)Z @ 9 c2
Event: 0.995 Thread 0x000002c7e6b0c000 DEOPT PACKING pc=0x000002c7f841f280 sp=0x000000e899efd620
Event: 0.995 Thread 0x000002c7e6b0c000 DEOPT UNPACKING pc=0x000002c7f0978f2f sp=0x000000e899efd5a8 mode 2
Event: 1.178 Thread 0x000002c7e6b0c000 DEOPT PACKING pc=0x000002c7f0f3ed22 sp=0x000000e899efb670
Event: 1.178 Thread 0x000002c7e6b0c000 DEOPT UNPACKING pc=0x000002c7f0978d4e sp=0x000000e899efaad8 mode 0
Event: 1.219 Thread 0x000002c7e6b0c000 DEOPT PACKING pc=0x000002c7f0f23170 sp=0x000000e899efb740
Event: 1.219 Thread 0x000002c7e6b0c000 DEOPT UNPACKING pc=0x000002c7f0978d4e sp=0x000000e899efabc8 mode 0

Classes redefined (0 events):
No events

Internal exceptions (0 events):
No events

Events (20 events):
Event: 1.337 Executing VM operation: RevokeBias done
Event: 1.337 Executing VM operation: RevokeBias
Event: 1.337 Executing VM operation: RevokeBias done
Event: 1.337 Executing VM operation: RevokeBias
Event: 1.337 Executing VM operation: RevokeBias done
Event: 1.337 loading class sun/invoke/util/BytecodeDescriptor
Event: 1.337 loading class sun/invoke/util/BytecodeDescriptor done
Event: 1.338 loading class jdk/internal/org/objectweb/asm/ClassWriter
Event: 1.338 loading class jdk/internal/org/objectweb/asm/ClassVisitor
Event: 1.338 loading class jdk/internal/org/objectweb/asm/ClassVisitor done
Event: 1.338 loading class jdk/internal/org/objectweb/asm/ClassWriter done
Event: 1.339 loading class jdk/internal/org/objectweb/asm/ByteVector
Event: 1.339 loading class jdk/internal/org/objectweb/asm/ByteVector done
Event: 1.339 loading class jdk/internal/org/objectweb/asm/Item
Event: 1.339 loading class jdk/internal/org/objectweb/asm/Item done
Event: 1.339 loading class jdk/internal/org/objectweb/asm/FieldWriter
Event: 1.339 loading class jdk/internal/org/objectweb/asm/FieldVisitor
Event: 1.339 loading class jdk/internal/org/objectweb/asm/FieldVisitor done
Event: 1.339 loading class jdk/internal/org/objectweb/asm/FieldWriter done
Event: 1.340 loading class jdk/internal/org/objectweb/asm/MethodWriter


Dynamic libraries:
0x00007ff7e5750000 - 0x00007ff7e575d000 	C:\Program Files\AdoptOpenJDK\jdk-11.0.6.10-hotspot\bin\java.exe
0x00007ffa489a0000 - 0x00007ffa48b90000 	C:\WINDOWS\SYSTEM32\ntdll.dll
0x00007ffa47bc0000 - 0x00007ffa47c72000 	C:\WINDOWS\System32\KERNEL32.DLL
0x00007ffa46440000 - 0x00007ffa466e4000 	C:\WINDOWS\System32\KERNELBASE.dll
0x00007ffa45920000 - 0x00007ffa45a1a000 	C:\WINDOWS\System32\ucrtbase.dll
0x00007ffa3c9d0000 - 0x00007ffa3c9e7000 	C:\Program Files\AdoptOpenJDK\jdk-11.0.6.10-hotspot\bin\jli.dll
0x00007ffa47dc0000 - 0x00007ffa47f55000 	C:\WINDOWS\System32\USER32.dll
0x00007ffa461b0000 - 0x00007ffa461d1000 	C:\WINDOWS\System32\win32u.dll
0x00007ffa46ce0000 - 0x00007ffa46d06000 	C:\WINDOWS\System32\GDI32.dll
0x00007ffa468b0000 - 0x00007ffa46a46000 	C:\WINDOWS\System32\gdi32full.dll
0x00007ffa466f0000 - 0x00007ffa4678e000 	C:\WINDOWS\System32\msvcp_win.dll
0x00007ffa2a040000 - 0x00007ffa2a2c4000 	C:\WINDOWS\WinSxS\amd64_microsoft.windows.common-controls_6595b64144ccf1df_6.0.18362.1016_none_9e7a36bbe461dae4\COMCTL32.dll
0x00007ffa48810000 - 0x00007ffa488ae000 	C:\WINDOWS\System32\msvcrt.dll
0x00007ffa47f60000 - 0x00007ffa48295000 	C:\WINDOWS\System32\combase.dll
0x00007ffa46a60000 - 0x00007ffa46b80000 	C:\WINDOWS\System32\RPCRT4.dll
0x00007ffa46800000 - 0x00007ffa46880000 	C:\WINDOWS\System32\bcryptPrimitives.dll
0x00007ffa3bb40000 - 0x00007ffa3bb56000 	C:\Program Files\AdoptOpenJDK\jdk-11.0.6.10-hotspot\bin\VCRUNTIME140.dll
0x00007ffa46c50000 - 0x00007ffa46c7e000 	C:\WINDOWS\System32\IMM32.DLL
0x00007ffa26970000 - 0x00007ffa26a0b000 	C:\Program Files\AdoptOpenJDK\jdk-11.0.6.10-hotspot\bin\msvcp140.dll
0x00007ff9fd7f0000 - 0x00007ff9fe2ac000 	C:\Program Files\AdoptOpenJDK\jdk-11.0.6.10-hotspot\bin\server\jvm.dll
0x00007ffa46d10000 - 0x00007ffa46db3000 	C:\WINDOWS\System32\ADVAPI32.dll
0x00007ffa482a0000 - 0x00007ffa48337000 	C:\WINDOWS\System32\sechost.dll
0x00007ffa483f0000 - 0x00007ffa483f8000 	C:\WINDOWS\System32\PSAPI.DLL
0x00007ffa26530000 - 0x00007ffa26539000 	C:\WINDOWS\SYSTEM32\WSOCK32.dll
0x00007ffa48480000 - 0x00007ffa484ef000 	C:\WINDOWS\System32\WS2_32.dll
0x00007ffa40270000 - 0x00007ffa40294000 	C:\WINDOWS\SYSTEM32\WINMM.dll
0x00007ffa448a0000 - 0x00007ffa448aa000 	C:\WINDOWS\SYSTEM32\VERSION.dll
0x00007ffa40210000 - 0x00007ffa4023d000 	C:\WINDOWS\SYSTEM32\WINMMBASE.dll
0x00007ffa467b0000 - 0x00007ffa467fa000 	C:\WINDOWS\System32\cfgmgr32.dll
0x00007ffa458b0000 - 0x00007ffa458c1000 	C:\WINDOWS\System32\kernel.appcore.dll
0x00007ffa3c9f0000 - 0x00007ffa3ca00000 	C:\Program Files\AdoptOpenJDK\jdk-11.0.6.10-hotspot\bin\verify.dll
0x00007ffa44040000 - 0x00007ffa44234000 	C:\WINDOWS\SYSTEM32\DBGHELP.DLL
0x00007ffa36670000 - 0x00007ffa3669a000 	C:\WINDOWS\SYSTEM32\dbgcore.DLL
0x00007ffa35560000 - 0x00007ffa35588000 	C:\Program Files\AdoptOpenJDK\jdk-11.0.6.10-hotspot\bin\java.dll
0x00007ffa3b900000 - 0x00007ffa3b917000 	C:\Program Files\AdoptOpenJDK\jdk-11.0.6.10-hotspot\bin\zip.dll
0x00007ffa3c9a0000 - 0x00007ffa3c9aa000 	C:\Program Files\AdoptOpenJDK\jdk-11.0.6.10-hotspot\bin\jimage.dll
0x00007ffa47410000 - 0x00007ffa47af7000 	C:\WINDOWS\System32\SHELL32.dll
0x00007ffa48340000 - 0x00007ffa483e9000 	C:\WINDOWS\System32\shcore.dll
0x00007ffa45a20000 - 0x00007ffa461a2000 	C:\WINDOWS\System32\windows.storage.dll
0x00007ffa458f0000 - 0x00007ffa45913000 	C:\WINDOWS\System32\profapi.dll
0x00007ffa45860000 - 0x00007ffa458aa000 	C:\WINDOWS\System32\powrprof.dll
0x00007ffa45850000 - 0x00007ffa45860000 	C:\WINDOWS\System32\UMPDC.dll
0x00007ffa47b60000 - 0x00007ffa47bb2000 	C:\WINDOWS\System32\shlwapi.dll
0x00007ffa46790000 - 0x00007ffa467a7000 	C:\WINDOWS\System32\cryptsp.dll
0x00007ffa3b8a0000 - 0x00007ffa3b8b9000 	C:\Program Files\AdoptOpenJDK\jdk-11.0.6.10-hotspot\bin\net.dll
0x00007ffa343b0000 - 0x00007ffa344a0000 	C:\WINDOWS\SYSTEM32\WINHTTP.dll
0x00007ffa450b0000 - 0x00007ffa45117000 	C:\WINDOWS\system32\mswsock.dll
0x00007ffa32ad0000 - 0x00007ffa32ae2000 	C:\Program Files\AdoptOpenJDK\jdk-11.0.6.10-hotspot\bin\nio.dll

dbghelp: loaded successfully - version: 4.0.5 - missing functions: none
symbol engine: initialized successfully - sym options: 0x614 - pdb path: .;C:\Program Files\AdoptOpenJDK\jdk-11.0.6.10-hotspot\bin;C:\WINDOWS\SYSTEM32;C:\WINDOWS\WinSxS\amd64_microsoft.windows.common-controls_6595b64144ccf1df_6.0.18362.1016_none_9e7a36bbe461dae4;C:\Program Files\AdoptOpenJDK\jdk-11.0.6.10-hotspot\bin\server

VM Arguments:
jvm_args: -Dclassworlds.conf=C:\Program Files\TMCBeans\java\maven\bin\m2.conf -Dmaven.home=C:\Program Files\TMCBeans\java\maven -Dmaven.multiModuleProjectDirectory=C:\Users\Saku\Documents\NetBeansProjects\mooc-wepa-s20\osa02-Osa02_11.HelloIndividualPages 
java_command: org.codehaus.plexus.classworlds.launcher.Launcher -Dexec.args=-classpath %classpath helloindividualpages.HelloIndividualPagesApplication -Dexec.executable=C:\Program Files\AdoptOpenJDK\jdk-11.0.6.10-hotspot\bin\java.exe -Dfile.encoding=UTF-8 -T=1 -q spring-boot:run
java_class_path (initial): C:\Program Files\TMCBeans\java\maven\boot\plexus-classworlds-2.5.2.jar
Launcher Type: SUN_STANDARD

[Global flags]
     intx CICompilerCount                          = 3                                         {product} {ergonomic}
     uint ConcGCThreads                            = 1                                         {product} {ergonomic}
     uint G1ConcRefinementThreads                  = 4                                         {product} {ergonomic}
   size_t G1HeapRegionSize                         = 1048576                                   {product} {ergonomic}
    uintx GCDrainStackTargetSize                   = 64                                        {product} {ergonomic}
   size_t InitialHeapSize                          = 134217728                                 {product} {ergonomic}
   size_t MarkStackSize                            = 4194304                                   {product} {ergonomic}
   size_t MaxHeapSize                              = 2118123520                                {product} {ergonomic}
   size_t MaxNewSize                               = 1270874112                                {product} {ergonomic}
   size_t MinHeapDeltaBytes                        = 1048576                                   {product} {ergonomic}
    uintx NonNMethodCodeHeapSize                   = 5830732                                {pd product} {ergonomic}
    uintx NonProfiledCodeHeapSize                  = 122913754                              {pd product} {ergonomic}
    uintx ProfiledCodeHeapSize                     = 122913754                              {pd product} {ergonomic}
    uintx ReservedCodeCacheSize                    = 251658240                              {pd product} {ergonomic}
     bool SegmentedCodeCache                       = true                                      {product} {ergonomic}
     bool UseCompressedClassPointers               = true                                 {lp64_product} {ergonomic}
     bool UseCompressedOops                        = true                                 {lp64_product} {ergonomic}
     bool UseG1GC                                  = true                                      {product} {ergonomic}
     bool UseLargePagesIndividualAllocation        = false                                  {pd product} {ergonomic}

Logging:
Log output configuration:
 #0: stdout all=warning uptime,level,tags
 #1: stderr all=off uptime,level,tags

Environment Variables:
JAVA_HOME=C:\Program Files\AdoptOpenJDK\jdk-11.0.6.10-hotspot
PATH=C:\Program Files\AdoptOpenJDK\jdk-11.0.6.10-hotspot\bin;C:\Python27\;C:\Python27\Scripts;C:\Rtools\bin;C:\ProgramData\Oracle\Java\javapath;C:\Program Files\Intel\iCLS Client\;C:\WINDOWS\system32;C:\WINDOWS;C:\WINDOWS\System32\Wbem;C:\WINDOWS\System32\WindowsPowerShell\v1.0\;C:\Program Files\MATLAB\R2018a\bin;C:\WINDOWS\System32\OpenSSH\;C:\Program Files\Intel\WiFi\bin\;C:\Program Files\Common Files\Intel\WirelessCommon\;C:\Program Files (x86)\Intel\Intel(R) Management Engine Components\DAL;C:\Program Files\Intel\Intel(R) Management Engine Components\DAL;C:\Program Files\nodejs\;C:\ProgramData\chocolatey\bin;C:\Users\Saku\AppData\Local\Microsoft\WindowsApps;C:\sqlite;C:\Users\Saku\AppData\Local\Programs\Microsoft VS Code\bin;C:\Users\Saku\AppData\Roaming\npm;C:\Program Files\heroku\bin;C:\apache-maven-3.6.3\bin;
USERNAME=Saku
OS=Windows_NT
PROCESSOR_IDENTIFIER=Intel64 Family 6 Model 78 Stepping 3, GenuineIntel



---------------  S Y S T E M  ---------------

OS: Windows 10 , 64 bit Build 18362 (10.0.18362.959)

CPU:total 4 (initial active 4) (2 cores per cpu, 2 threads per core) family 6 model 78 stepping 3, cmov, cx8, fxsr, mmx, sse, sse2, sse3, ssse3, sse4.1, sse4.2, popcnt, avx, avx2, aes, clmul, erms, 3dnowpref, lzcnt, ht, tsc, tscinvbit, bmi1, bmi2, adx, fma

Memory: 4k page, system-wide physical 8072M (2636M free)
TotalPageFile size 22895M (AvailPageFile size 0M)
current process WorkingSet (physical memory assigned to process): 41M, peak: 41M
current process commit charge ("private bytes"): 200M, peak: 200M

vm_info: OpenJDK 64-Bit Server VM (11.0.6+10) for windows-amd64 JRE (11.0.6+10), built on Jan 15 2020 06:14:58 by "" with MS VC++ 15.8 (VS2017)

END.
